{"meta": {"format": 3, "version": "7.12.0", "timestamp": "2025-11-28T20:23:04.256511", "branch_coverage": false, "show_contexts": false}, "files": {"src\\__init__.py": {"executed_lines": [1], "summary": {"covered_lines": 0, "num_statements": 0, "percent_covered": 100.0, "percent_covered_display": "100", "missing_lines": 0, "excluded_lines": 0, "percent_statements_covered": 100.0, "percent_statements_covered_display": "100"}, "missing_lines": [], "excluded_lines": [], "functions": {"": {"executed_lines": [1], "summary": {"covered_lines": 0, "num_statements": 0, "percent_covered": 100.0, "percent_covered_display": "100", "missing_lines": 0, "excluded_lines": 0, "percent_statements_covered": 100.0, "percent_statements_covered_display": "100"}, "missing_lines": [], "excluded_lines": []}}, "classes": {"": {"executed_lines": [1], "summary": {"covered_lines": 0, "num_statements": 0, "percent_covered": 100.0, "percent_covered_display": "100", "missing_lines": 0, "excluded_lines": 0, "percent_statements_covered": 100.0, "percent_statements_covered_display": "100"}, "missing_lines": [], "excluded_lines": []}}}, "src\\common\\modules\\__init__.py": {"executed_lines": [1], "summary": {"covered_lines": 0, "num_statements": 0, "percent_covered": 100.0, "percent_covered_display": "100", "missing_lines": 0, "excluded_lines": 0, "percent_statements_covered": 100.0, "percent_statements_covered_display": "100"}, "missing_lines": [], "excluded_lines": [], "functions": {"": {"executed_lines": [1], "summary": {"covered_lines": 0, "num_statements": 0, "percent_covered": 100.0, "percent_covered_display": "100", "missing_lines": 0, "excluded_lines": 0, "percent_statements_covered": 100.0, "percent_statements_covered_display": "100"}, "missing_lines": [], "excluded_lines": []}}, "classes": {"": {"executed_lines": [1], "summary": {"covered_lines": 0, "num_statements": 0, "percent_covered": 100.0, "percent_covered_display": "100", "missing_lines": 0, "excluded_lines": 0, "percent_statements_covered": 100.0, "percent_statements_covered_display": "100"}, "missing_lines": [], "excluded_lines": []}}}, "src\\common\\modules\\audit\\__init__.py": {"executed_lines": [1, 21, 22, 25, 27], "summary": {"covered_lines": 4, "num_statements": 4, "percent_covered": 100.0, "percent_covered_display": "100", "missing_lines": 0, "excluded_lines": 0, "percent_statements_covered": 100.0, "percent_statements_covered_display": "100"}, "missing_lines": [], "excluded_lines": [], "functions": {"": {"executed_lines": [1, 21, 22, 25, 27], "summary": {"covered_lines": 4, "num_statements": 4, "percent_covered": 100.0, "percent_covered_display": "100", "missing_lines": 0, "excluded_lines": 0, "percent_statements_covered": 100.0, "percent_statements_covered_display": "100"}, "missing_lines": [], "excluded_lines": []}}, "classes": {"": {"executed_lines": [1, 21, 22, 25, 27], "summary": {"covered_lines": 4, "num_statements": 4, "percent_covered": 100.0, "percent_covered_display": "100", "missing_lines": 0, "excluded_lines": 0, "percent_statements_covered": 100.0, "percent_statements_covered_display": "100"}, "missing_lines": [], "excluded_lines": []}}}, "src\\common\\modules\\audit\\decorator.py": {"executed_lines": [1, 6, 7, 8, 9, 11, 14, 25, 26, 27, 30, 31, 36, 38, 41], "summary": {"covered_lines": 14, "num_statements": 65, "percent_covered": 21.53846153846154, "percent_covered_display": "22", "missing_lines": 51, "excluded_lines": 1, "percent_statements_covered": 21.53846153846154, "percent_statements_covered_display": "22"}, "missing_lines": [33, 67, 68, 69, 71, 72, 75, 78, 79, 80, 83, 84, 87, 88, 89, 90, 93, 94, 97, 98, 99, 100, 103, 104, 105, 106, 109, 110, 112, 113, 116, 117, 118, 119, 120, 121, 124, 125, 126, 127, 130, 131, 132, 133, 142, 144, 145, 146, 148, 150, 151], "excluded_lines": [46], "functions": {"get_client_info": {"executed_lines": [25, 26, 27, 30, 31, 36, 38], "summary": {"covered_lines": 7, "num_statements": 8, "percent_covered": 87.5, "percent_covered_display": "88", "missing_lines": 1, "excluded_lines": 0, "percent_statements_covered": 87.5, "percent_statements_covered_display": "88"}, "missing_lines": [33], "excluded_lines": []}, "audit_log": {"executed_lines": [], "summary": {"covered_lines": 0, "num_statements": 3, "percent_covered": 0.0, "percent_covered_display": "0", "missing_lines": 3, "excluded_lines": 1, "percent_statements_covered": 0.0, "percent_statements_covered_display": "0"}, "missing_lines": [67, 68, 151], "excluded_lines": [46]}, "audit_log.decorator": {"executed_lines": [], "summary": {"covered_lines": 0, "num_statements": 2, "percent_covered": 0.0, "percent_covered_display": "0", "missing_lines": 2, "excluded_lines": 0, "percent_statements_covered": 0.0, "percent_statements_covered_display": "0"}, "missing_lines": [69, 150], "excluded_lines": []}, "audit_log.decorator.wrapper": {"executed_lines": [], "summary": {"covered_lines": 0, "num_statements": 45, "percent_covered": 0.0, "percent_covered_display": "0", "missing_lines": 45, "excluded_lines": 0, "percent_statements_covered": 0.0, "percent_statements_covered_display": "0"}, "missing_lines": [71, 72, 75, 78, 79, 80, 83, 84, 87, 88, 89, 90, 93, 94, 97, 98, 99, 100, 103, 104, 105, 106, 109, 110, 112, 113, 116, 117, 118, 119, 120, 121, 124, 125, 126, 127, 130, 131, 132, 133, 142, 144, 145, 146, 148], "excluded_lines": []}, "": {"executed_lines": [1, 6, 7, 8, 9, 11, 14, 41], "summary": {"covered_lines": 7, "num_statements": 7, "percent_covered": 100.0, "percent_covered_display": "100", "missing_lines": 0, "excluded_lines": 0, "percent_statements_covered": 100.0, "percent_statements_covered_display": "100"}, "missing_lines": [], "excluded_lines": []}}, "classes": {"": {"executed_lines": [1, 6, 7, 8, 9, 11, 14, 25, 26, 27, 30, 31, 36, 38, 41], "summary": {"covered_lines": 14, "num_statements": 65, "percent_covered": 21.53846153846154, "percent_covered_display": "22", "missing_lines": 51, "excluded_lines": 1, "percent_statements_covered": 21.53846153846154, "percent_statements_covered_display": "22"}, "missing_lines": [33, 67, 68, 69, 71, 72, 75, 78, 79, 80, 83, 84, 87, 88, 89, 90, 93, 94, 97, 98, 99, 100, 103, 104, 105, 106, 109, 110, 112, 113, 116, 117, 118, 119, 120, 121, 124, 125, 126, 127, 130, 131, 132, 133, 142, 144, 145, 146, 148, 150, 151], "excluded_lines": [46]}}}, "src\\common\\modules\\audit\\router.py": {"executed_lines": [1, 6, 7, 8, 9, 10, 12, 13, 14, 15, 16, 18, 19, 22, 32, 33, 52, 63, 66, 67, 75, 76, 77, 80, 81, 83, 84, 85, 87], "summary": {"covered_lines": 28, "num_statements": 30, "percent_covered": 93.33333333333333, "percent_covered_display": "93", "missing_lines": 2, "excluded_lines": 0, "percent_statements_covered": 93.33333333333333, "percent_statements_covered_display": "93"}, "missing_lines": [28, 29], "excluded_lines": [], "functions": {"get_admin_user_dependency": {"executed_lines": [], "summary": {"covered_lines": 0, "num_statements": 2, "percent_covered": 0.0, "percent_covered_display": "0", "missing_lines": 2, "excluded_lines": 0, "percent_statements_covered": 0.0, "percent_statements_covered_display": "0"}, "missing_lines": [28, 29], "excluded_lines": []}, "list_audit_logs": {"executed_lines": [52, 63], "summary": {"covered_lines": 2, "num_statements": 2, "percent_covered": 100.0, "percent_covered_display": "100", "missing_lines": 0, "excluded_lines": 0, "percent_statements_covered": 100.0, "percent_statements_covered_display": "100"}, "missing_lines": [], "excluded_lines": []}, "get_audit_log": {"executed_lines": [75, 76, 77, 80, 81, 83, 84, 85, 87], "summary": {"covered_lines": 9, "num_statements": 9, "percent_covered": 100.0, "percent_covered_display": "100", "missing_lines": 0, "excluded_lines": 0, "percent_statements_covered": 100.0, "percent_statements_covered_display": "100"}, "missing_lines": [], "excluded_lines": []}, "": {"executed_lines": [1, 6, 7, 8, 9, 10, 12, 13, 14, 15, 16, 18, 19, 22, 32, 33, 66, 67], "summary": {"covered_lines": 17, "num_statements": 17, "percent_covered": 100.0, "percent_covered_display": "100", "missing_lines": 0, "excluded_lines": 0, "percent_statements_covered": 100.0, "percent_statements_covered_display": "100"}, "missing_lines": [], "excluded_lines": []}}, "classes": {"": {"executed_lines": [1, 6, 7, 8, 9, 10, 12, 13, 14, 15, 16, 18, 19, 22, 32, 33, 52, 63, 66, 67, 75, 76, 77, 80, 81, 83, 84, 85, 87], "summary": {"covered_lines": 28, "num_statements": 30, "percent_covered": 93.33333333333333, "percent_covered_display": "93", "missing_lines": 2, "excluded_lines": 0, "percent_statements_covered": 93.33333333333333, "percent_statements_covered_display": "93"}, "missing_lines": [28, 29], "excluded_lines": []}}}, "src\\common\\modules\\audit\\schemas.py": {"executed_lines": [1, 6, 7, 8, 9, 12, 13, 15, 16, 17, 18, 19, 20, 21, 22, 25, 26, 28, 29, 32, 33, 35, 36, 37, 38, 39, 40, 41, 42, 45, 46, 48, 49, 50, 51, 52], "summary": {"covered_lines": 32, "num_statements": 32, "percent_covered": 100.0, "percent_covered_display": "100", "missing_lines": 0, "excluded_lines": 0, "percent_statements_covered": 100.0, "percent_statements_covered_display": "100"}, "missing_lines": [], "excluded_lines": [], "functions": {"": {"executed_lines": [1, 6, 7, 8, 9, 12, 13, 15, 16, 17, 18, 19, 20, 21, 22, 25, 26, 28, 29, 32, 33, 35, 36, 37, 38, 39, 40, 41, 42, 45, 46, 48, 49, 50, 51, 52], "summary": {"covered_lines": 32, "num_statements": 32, "percent_covered": 100.0, "percent_covered_display": "100", "missing_lines": 0, "excluded_lines": 0, "percent_statements_covered": 100.0, "percent_statements_covered_display": "100"}, "missing_lines": [], "excluded_lines": []}}, "classes": {"AuditLogResponse": {"executed_lines": [], "summary": {"covered_lines": 0, "num_statements": 0, "percent_covered": 100.0, "percent_covered_display": "100", "missing_lines": 0, "excluded_lines": 0, "percent_statements_covered": 100.0, "percent_statements_covered_display": "100"}, "missing_lines": [], "excluded_lines": []}, "AuditLogResponse.Config": {"executed_lines": [], "summary": {"covered_lines": 0, "num_statements": 0, "percent_covered": 100.0, "percent_covered_display": "100", "missing_lines": 0, "excluded_lines": 0, "percent_statements_covered": 100.0, "percent_statements_covered_display": "100"}, "missing_lines": [], "excluded_lines": []}, "AuditLogListQuery": {"executed_lines": [], "summary": {"covered_lines": 0, "num_statements": 0, "percent_covered": 100.0, "percent_covered_display": "100", "missing_lines": 0, "excluded_lines": 0, "percent_statements_covered": 100.0, "percent_statements_covered_display": "100"}, "missing_lines": [], "excluded_lines": []}, "AuditLogListResponse": {"executed_lines": [], "summary": {"covered_lines": 0, "num_statements": 0, "percent_covered": 100.0, "percent_covered_display": "100", "missing_lines": 0, "excluded_lines": 0, "percent_statements_covered": 100.0, "percent_statements_covered_display": "100"}, "missing_lines": [], "excluded_lines": []}, "": {"executed_lines": [1, 6, 7, 8, 9, 12, 13, 15, 16, 17, 18, 19, 20, 21, 22, 25, 26, 28, 29, 32, 33, 35, 36, 37, 38, 39, 40, 41, 42, 45, 46, 48, 49, 50, 51, 52], "summary": {"covered_lines": 32, "num_statements": 32, "percent_covered": 100.0, "percent_covered_display": "100", "missing_lines": 0, "excluded_lines": 0, "percent_statements_covered": 100.0, "percent_statements_covered_display": "100"}, "missing_lines": [], "excluded_lines": []}}}, "src\\common\\modules\\audit\\service.py": {"executed_lines": [1, 6, 7, 8, 9, 10, 12, 13, 16, 17, 19, 44, 53, 54, 55, 57, 59, 75, 78, 80, 81, 83, 84, 86, 87, 89, 92, 93, 95, 96, 98, 99, 102, 103, 104, 106, 107, 110, 111, 112, 115, 116, 119, 120, 121, 122, 124, 125, 126, 128, 143, 145, 153, 168, 173], "summary": {"covered_lines": 53, "num_statements": 54, "percent_covered": 98.14814814814815, "percent_covered_display": "98", "missing_lines": 1, "excluded_lines": 0, "percent_statements_covered": 98.14814814814815, "percent_statements_covered_display": "98"}, "missing_lines": [90], "excluded_lines": [], "functions": {"AuditLogService.create_audit_log": {"executed_lines": [44, 53, 54, 55, 57], "summary": {"covered_lines": 5, "num_statements": 5, "percent_covered": 100.0, "percent_covered_display": "100", "missing_lines": 0, "excluded_lines": 0, "percent_statements_covered": 100.0, "percent_statements_covered_display": "100"}, "missing_lines": [], "excluded_lines": []}, "AuditLogService.list_audit_logs": {"executed_lines": [75, 78, 80, 81, 83, 84, 86, 87, 89, 92, 93, 95, 96, 98, 99, 102, 103, 104, 106, 107, 110, 111, 112, 115, 116, 119, 120, 121, 122, 124, 125, 126, 128, 143, 145], "summary": {"covered_lines": 35, "num_statements": 36, "percent_covered": 97.22222222222223, "percent_covered_display": "97", "missing_lines": 1, "excluded_lines": 0, "percent_statements_covered": 97.22222222222223, "percent_statements_covered_display": "97"}, "missing_lines": [90], "excluded_lines": []}, "AuditLogService.get_audit_log": {"executed_lines": [168, 173], "summary": {"covered_lines": 2, "num_statements": 2, "percent_covered": 100.0, "percent_covered_display": "100", "missing_lines": 0, "excluded_lines": 0, "percent_statements_covered": 100.0, "percent_statements_covered_display": "100"}, "missing_lines": [], "excluded_lines": []}, "": {"executed_lines": [1, 6, 7, 8, 9, 10, 12, 13, 16, 17, 19, 59, 153], "summary": {"covered_lines": 11, "num_statements": 11, "percent_covered": 100.0, "percent_covered_display": "100", "missing_lines": 0, "excluded_lines": 0, "percent_statements_covered": 100.0, "percent_statements_covered_display": "100"}, "missing_lines": [], "excluded_lines": []}}, "classes": {"AuditLogService": {"executed_lines": [44, 53, 54, 55, 57, 75, 78, 80, 81, 83, 84, 86, 87, 89, 92, 93, 95, 96, 98, 99, 102, 103, 104, 106, 107, 110, 111, 112, 115, 116, 119, 120, 121, 122, 124, 125, 126, 128, 143, 145, 168, 173], "summary": {"covered_lines": 42, "num_statements": 43, "percent_covered": 97.67441860465117, "percent_covered_display": "98", "missing_lines": 1, "excluded_lines": 0, "percent_statements_covered": 97.67441860465117, "percent_statements_covered_display": "98"}, "missing_lines": [90], "excluded_lines": []}, "": {"executed_lines": [1, 6, 7, 8, 9, 10, 12, 13, 16, 17, 19, 59, 153], "summary": {"covered_lines": 11, "num_statements": 11, "percent_covered": 100.0, "percent_covered_display": "100", "missing_lines": 0, "excluded_lines": 0, "percent_statements_covered": 100.0, "percent_statements_covered_display": "100"}, "missing_lines": [], "excluded_lines": []}}}, "src\\common\\modules\\config\\__init__.py": {"executed_lines": [1, 2, 4], "summary": {"covered_lines": 2, "num_statements": 2, "percent_covered": 100.0, "percent_covered_display": "100", "missing_lines": 0, "excluded_lines": 0, "percent_statements_covered": 100.0, "percent_statements_covered_display": "100"}, "missing_lines": [], "excluded_lines": [], "functions": {"": {"executed_lines": [1, 2, 4], "summary": {"covered_lines": 2, "num_statements": 2, "percent_covered": 100.0, "percent_covered_display": "100", "missing_lines": 0, "excluded_lines": 0, "percent_statements_covered": 100.0, "percent_statements_covered_display": "100"}, "missing_lines": [], "excluded_lines": []}}, "classes": {"": {"executed_lines": [1, 2, 4], "summary": {"covered_lines": 2, "num_statements": 2, "percent_covered": 100.0, "percent_covered_display": "100", "missing_lines": 0, "excluded_lines": 0, "percent_statements_covered": 100.0, "percent_statements_covered_display": "100"}, "missing_lines": [], "excluded_lines": []}}}, "src\\common\\modules\\config\\settings.py": {"executed_lines": [1, 7, 8, 9, 12, 13, 16, 17, 18, 21, 24, 25, 26, 29, 30, 31, 36, 41, 42, 43, 45, 48, 51, 52, 53, 56, 57, 58, 59, 60, 61, 62, 63, 66, 67, 70, 71, 72, 73, 74, 75, 76, 84, 86, 87, 88, 89, 93], "summary": {"covered_lines": 46, "num_statements": 47, "percent_covered": 97.87234042553192, "percent_covered_display": "98", "missing_lines": 1, "excluded_lines": 0, "percent_statements_covered": 97.87234042553192, "percent_statements_covered_display": "98"}, "missing_lines": [47], "excluded_lines": [], "functions": {"Settings.parse_cors_origins": {"executed_lines": [45, 48], "summary": {"covered_lines": 2, "num_statements": 3, "percent_covered": 66.66666666666667, "percent_covered_display": "67", "missing_lines": 1, "excluded_lines": 0, "percent_statements_covered": 66.66666666666667, "percent_statements_covered_display": "67"}, "missing_lines": [47], "excluded_lines": []}, "": {"executed_lines": [1, 7, 8, 9, 12, 13, 16, 17, 18, 21, 24, 25, 26, 29, 30, 31, 36, 41, 42, 43, 51, 52, 53, 56, 57, 58, 59, 60, 61, 62, 63, 66, 67, 70, 71, 72, 73, 74, 75, 76, 84, 86, 87, 88, 89, 93], "summary": {"covered_lines": 44, "num_statements": 44, "percent_covered": 100.0, "percent_covered_display": "100", "missing_lines": 0, "excluded_lines": 0, "percent_statements_covered": 100.0, "percent_statements_covered_display": "100"}, "missing_lines": [], "excluded_lines": []}}, "classes": {"Settings": {"executed_lines": [45, 48], "summary": {"covered_lines": 2, "num_statements": 3, "percent_covered": 66.66666666666667, "percent_covered_display": "67", "missing_lines": 1, "excluded_lines": 0, "percent_statements_covered": 66.66666666666667, "percent_statements_covered_display": "67"}, "missing_lines": [47], "excluded_lines": []}, "Settings.Config": {"executed_lines": [], "summary": {"covered_lines": 0, "num_statements": 0, "percent_covered": 100.0, "percent_covered_display": "100", "missing_lines": 0, "excluded_lines": 0, "percent_statements_covered": 100.0, "percent_statements_covered_display": "100"}, "missing_lines": [], "excluded_lines": []}, "": {"executed_lines": [1, 7, 8, 9, 12, 13, 16, 17, 18, 21, 24, 25, 26, 29, 30, 31, 36, 41, 42, 43, 51, 52, 53, 56, 57, 58, 59, 60, 61, 62, 63, 66, 67, 70, 71, 72, 73, 74, 75, 76, 84, 86, 87, 88, 89, 93], "summary": {"covered_lines": 44, "num_statements": 44, "percent_covered": 100.0, "percent_covered_display": "100", "missing_lines": 0, "excluded_lines": 0, "percent_statements_covered": 100.0, "percent_statements_covered_display": "100"}, "missing_lines": [], "excluded_lines": []}}}, "src\\common\\modules\\db\\__init__.py": {"executed_lines": [1, 6, 7, 22], "summary": {"covered_lines": 3, "num_statements": 3, "percent_covered": 100.0, "percent_covered_display": "100", "missing_lines": 0, "excluded_lines": 0, "percent_statements_covered": 100.0, "percent_statements_covered_display": "100"}, "missing_lines": [], "excluded_lines": [], "functions": {"": {"executed_lines": [1, 6, 7, 22], "summary": {"covered_lines": 3, "num_statements": 3, "percent_covered": 100.0, "percent_covered_display": "100", "missing_lines": 0, "excluded_lines": 0, "percent_statements_covered": 100.0, "percent_statements_covered_display": "100"}, "missing_lines": [], "excluded_lines": []}}, "classes": {"": {"executed_lines": [1, 6, 7, 22], "summary": {"covered_lines": 3, "num_statements": 3, "percent_covered": 100.0, "percent_covered_display": "100", "missing_lines": 0, "excluded_lines": 0, "percent_statements_covered": 100.0, "percent_statements_covered_display": "100"}, "missing_lines": [], "excluded_lines": []}}}, "src\\common\\modules\\db\\models.py": {"executed_lines": [1, 6, 19, 20, 21, 22, 24, 26, 44, 45, 47, 49, 50, 51, 52, 53, 54, 55, 56, 57, 58, 59, 62, 63, 64, 65, 67, 71, 72, 74, 76, 77, 78, 79, 80, 81, 82, 83, 84, 85, 86, 87, 90, 92, 96, 97, 99, 101, 102, 103, 104, 105, 106, 107, 108, 109, 110, 113, 114, 118, 122, 126, 127, 129, 131, 132, 133, 134, 135, 136, 139, 140, 142, 146, 147, 149, 151, 152, 153, 154, 155, 156, 157, 158, 159, 160, 163, 166, 170, 171, 173, 175, 176, 177, 178, 179, 180, 181, 182, 185, 186, 189, 193, 194, 207, 209, 210, 211, 212, 213, 214, 215, 216, 217, 218, 225, 229, 233, 234, 236, 238, 239, 240, 241, 242, 243, 244, 245, 248, 251, 255, 259, 260, 262, 264, 265, 266, 267, 268, 271, 273, 277, 278, 280, 282, 283, 284, 285, 286, 287, 288, 289, 292, 296, 300, 301, 303, 305, 306, 307, 308, 309, 312, 314, 318, 319, 321, 323, 324, 325, 326, 327, 328, 330, 334, 335, 337, 339, 340, 341, 342, 343, 344, 345, 346, 349, 351, 355, 356, 358, 360, 361, 362, 363, 364, 365, 366, 367, 370, 372], "summary": {"covered_lines": 185, "num_statements": 199, "percent_covered": 92.96482412060301, "percent_covered_display": "93", "missing_lines": 14, "excluded_lines": 0, "percent_statements_covered": 92.96482412060301, "percent_statements_covered_display": "93"}, "missing_lines": [68, 93, 123, 143, 167, 190, 230, 256, 274, 297, 315, 331, 352, 373], "excluded_lines": [], "functions": {"Member.__repr__": {"executed_lines": [], "summary": {"covered_lines": 0, "num_statements": 1, "percent_covered": 0.0, "percent_covered_display": "0", "missing_lines": 1, "excluded_lines": 0, "percent_statements_covered": 0.0, "percent_statements_covered_display": "0"}, "missing_lines": [68], "excluded_lines": []}, "MemberProfile.__repr__": {"executed_lines": [], "summary": {"covered_lines": 0, "num_statements": 1, "percent_covered": 0.0, "percent_covered_display": "0", "missing_lines": 1, "excluded_lines": 0, "percent_statements_covered": 0.0, "percent_statements_covered_display": "0"}, "missing_lines": [93], "excluded_lines": []}, "PerformanceRecord.__repr__": {"executed_lines": [], "summary": {"covered_lines": 0, "num_statements": 1, "percent_covered": 0.0, "percent_covered_display": "0", "missing_lines": 1, "excluded_lines": 0, "percent_statements_covered": 0.0, "percent_statements_covered_display": "0"}, "missing_lines": [123], "excluded_lines": []}, "PerformanceReview.__repr__": {"executed_lines": [], "summary": {"covered_lines": 0, "num_statements": 1, "percent_covered": 0.0, "percent_covered_display": "0", "missing_lines": 1, "excluded_lines": 0, "percent_statements_covered": 0.0, "percent_statements_covered_display": "0"}, "missing_lines": [143], "excluded_lines": []}, "Project.__repr__": {"executed_lines": [], "summary": {"covered_lines": 0, "num_statements": 1, "percent_covered": 0.0, "percent_covered_display": "0", "missing_lines": 1, "excluded_lines": 0, "percent_statements_covered": 0.0, "percent_statements_covered_display": "0"}, "missing_lines": [167], "excluded_lines": []}, "ProjectApplication.__repr__": {"executed_lines": [], "summary": {"covered_lines": 0, "num_statements": 1, "percent_covered": 0.0, "percent_covered_display": "0", "missing_lines": 1, "excluded_lines": 0, "percent_statements_covered": 0.0, "percent_statements_covered_display": "0"}, "missing_lines": [190], "excluded_lines": []}, "Attachment.__repr__": {"executed_lines": [], "summary": {"covered_lines": 0, "num_statements": 1, "percent_covered": 0.0, "percent_covered_display": "0", "missing_lines": 1, "excluded_lines": 0, "percent_statements_covered": 0.0, "percent_statements_covered_display": "0"}, "missing_lines": [230], "excluded_lines": []}, "Notice.__repr__": {"executed_lines": [], "summary": {"covered_lines": 0, "num_statements": 1, "percent_covered": 0.0, "percent_covered_display": "0", "missing_lines": 1, "excluded_lines": 0, "percent_statements_covered": 0.0, "percent_statements_covered_display": "0"}, "missing_lines": [256], "excluded_lines": []}, "PressRelease.__repr__": {"executed_lines": [], "summary": {"covered_lines": 0, "num_statements": 1, "percent_covered": 0.0, "percent_covered_display": "0", "missing_lines": 1, "excluded_lines": 0, "percent_statements_covered": 0.0, "percent_statements_covered_display": "0"}, "missing_lines": [274], "excluded_lines": []}, "Banner.__repr__": {"executed_lines": [], "summary": {"covered_lines": 0, "num_statements": 1, "percent_covered": 0.0, "percent_covered_display": "0", "missing_lines": 1, "excluded_lines": 0, "percent_statements_covered": 0.0, "percent_statements_covered_display": "0"}, "missing_lines": [297], "excluded_lines": []}, "SystemInfo.__repr__": {"executed_lines": [], "summary": {"covered_lines": 0, "num_statements": 1, "percent_covered": 0.0, "percent_covered_display": "0", "missing_lines": 1, "excluded_lines": 0, "percent_statements_covered": 0.0, "percent_statements_covered_display": "0"}, "missing_lines": [315], "excluded_lines": []}, "FAQ.__repr__": {"executed_lines": [], "summary": {"covered_lines": 0, "num_statements": 1, "percent_covered": 0.0, "percent_covered_display": "0", "missing_lines": 1, "excluded_lines": 0, "percent_statements_covered": 0.0, "percent_statements_covered_display": "0"}, "missing_lines": [331], "excluded_lines": []}, "Inquiry.__repr__": {"executed_lines": [], "summary": {"covered_lines": 0, "num_statements": 1, "percent_covered": 0.0, "percent_covered_display": "0", "missing_lines": 1, "excluded_lines": 0, "percent_statements_covered": 0.0, "percent_statements_covered_display": "0"}, "missing_lines": [352], "excluded_lines": []}, "AuditLog.__repr__": {"executed_lines": [], "summary": {"covered_lines": 0, "num_statements": 1, "percent_covered": 0.0, "percent_covered_display": "0", "missing_lines": 1, "excluded_lines": 0, "percent_statements_covered": 0.0, "percent_statements_covered_display": "0"}, "missing_lines": [373], "excluded_lines": []}, "": {"executed_lines": [1, 6, 19, 20, 21, 22, 24, 26, 44, 45, 47, 49, 50, 51, 52, 53, 54, 55, 56, 57, 58, 59, 62, 63, 64, 65, 67, 71, 72, 74, 76, 77, 78, 79, 80, 81, 82, 83, 84, 85, 86, 87, 90, 92, 96, 97, 99, 101, 102, 103, 104, 105, 106, 107, 108, 109, 110, 113, 114, 118, 122, 126, 127, 129, 131, 132, 133, 134, 135, 136, 139, 140, 142, 146, 147, 149, 151, 152, 153, 154, 155, 156, 157, 158, 159, 160, 163, 166, 170, 171, 173, 175, 176, 177, 178, 179, 180, 181, 182, 185, 186, 189, 193, 194, 207, 209, 210, 211, 212, 213, 214, 215, 216, 217, 218, 225, 229, 233, 234, 236, 238, 239, 240, 241, 242, 243, 244, 245, 248, 251, 255, 259, 260, 262, 264, 265, 266, 267, 268, 271, 273, 277, 278, 280, 282, 283, 284, 285, 286, 287, 288, 289, 292, 296, 300, 301, 303, 305, 306, 307, 308, 309, 312, 314, 318, 319, 321, 323, 324, 325, 326, 327, 328, 330, 334, 335, 337, 339, 340, 341, 342, 343, 344, 345, 346, 349, 351, 355, 356, 358, 360, 361, 362, 363, 364, 365, 366, 367, 370, 372], "summary": {"covered_lines": 185, "num_statements": 185, "percent_covered": 100.0, "percent_covered_display": "100", "missing_lines": 0, "excluded_lines": 0, "percent_statements_covered": 100.0, "percent_statements_covered_display": "100"}, "missing_lines": [], "excluded_lines": []}}, "classes": {"Member": {"executed_lines": [], "summary": {"covered_lines": 0, "num_statements": 1, "percent_covered": 0.0, "percent_covered_display": "0", "missing_lines": 1, "excluded_lines": 0, "percent_statements_covered": 0.0, "percent_statements_covered_display": "0"}, "missing_lines": [68], "excluded_lines": []}, "MemberProfile": {"executed_lines": [], "summary": {"covered_lines": 0, "num_statements": 1, "percent_covered": 0.0, "percent_covered_display": "0", "missing_lines": 1, "excluded_lines": 0, "percent_statements_covered": 0.0, "percent_statements_covered_display": "0"}, "missing_lines": [93], "excluded_lines": []}, "PerformanceRecord": {"executed_lines": [], "summary": {"covered_lines": 0, "num_statements": 1, "percent_covered": 0.0, "percent_covered_display": "0", "missing_lines": 1, "excluded_lines": 0, "percent_statements_covered": 0.0, "percent_statements_covered_display": "0"}, "missing_lines": [123], "excluded_lines": []}, "PerformanceReview": {"executed_lines": [], "summary": {"covered_lines": 0, "num_statements": 1, "percent_covered": 0.0, "percent_covered_display": "0", "missing_lines": 1, "excluded_lines": 0, "percent_statements_covered": 0.0, "percent_statements_covered_display": "0"}, "missing_lines": [143], "excluded_lines": []}, "Project": {"executed_lines": [], "summary": {"covered_lines": 0, "num_statements": 1, "percent_covered": 0.0, "percent_covered_display": "0", "missing_lines": 1, "excluded_lines": 0, "percent_statements_covered": 0.0, "percent_statements_covered_display": "0"}, "missing_lines": [167], "excluded_lines": []}, "ProjectApplication": {"executed_lines": [], "summary": {"covered_lines": 0, "num_statements": 1, "percent_covered": 0.0, "percent_covered_display": "0", "missing_lines": 1, "excluded_lines": 0, "percent_statements_covered": 0.0, "percent_statements_covered_display": "0"}, "missing_lines": [190], "excluded_lines": []}, "Attachment": {"executed_lines": [], "summary": {"covered_lines": 0, "num_statements": 1, "percent_covered": 0.0, "percent_covered_display": "0", "missing_lines": 1, "excluded_lines": 0, "percent_statements_covered": 0.0, "percent_statements_covered_display": "0"}, "missing_lines": [230], "excluded_lines": []}, "Notice": {"executed_lines": [], "summary": {"covered_lines": 0, "num_statements": 1, "percent_covered": 0.0, "percent_covered_display": "0", "missing_lines": 1, "excluded_lines": 0, "percent_statements_covered": 0.0, "percent_statements_covered_display": "0"}, "missing_lines": [256], "excluded_lines": []}, "PressRelease": {"executed_lines": [], "summary": {"covered_lines": 0, "num_statements": 1, "percent_covered": 0.0, "percent_covered_display": "0", "missing_lines": 1, "excluded_lines": 0, "percent_statements_covered": 0.0, "percent_statements_covered_display": "0"}, "missing_lines": [274], "excluded_lines": []}, "Banner": {"executed_lines": [], "summary": {"covered_lines": 0, "num_statements": 1, "percent_covered": 0.0, "percent_covered_display": "0", "missing_lines": 1, "excluded_lines": 0, "percent_statements_covered": 0.0, "percent_statements_covered_display": "0"}, "missing_lines": [297], "excluded_lines": []}, "SystemInfo": {"executed_lines": [], "summary": {"covered_lines": 0, "num_statements": 1, "percent_covered": 0.0, "percent_covered_display": "0", "missing_lines": 1, "excluded_lines": 0, "percent_statements_covered": 0.0, "percent_statements_covered_display": "0"}, "missing_lines": [315], "excluded_lines": []}, "FAQ": {"executed_lines": [], "summary": {"covered_lines": 0, "num_statements": 1, "percent_covered": 0.0, "percent_covered_display": "0", "missing_lines": 1, "excluded_lines": 0, "percent_statements_covered": 0.0, "percent_statements_covered_display": "0"}, "missing_lines": [331], "excluded_lines": []}, "Inquiry": {"executed_lines": [], "summary": {"covered_lines": 0, "num_statements": 1, "percent_covered": 0.0, "percent_covered_display": "0", "missing_lines": 1, "excluded_lines": 0, "percent_statements_covered": 0.0, "percent_statements_covered_display": "0"}, "missing_lines": [352], "excluded_lines": []}, "AuditLog": {"executed_lines": [], "summary": {"covered_lines": 0, "num_statements": 1, "percent_covered": 0.0, "percent_covered_display": "0", "missing_lines": 1, "excluded_lines": 0, "percent_statements_covered": 0.0, "percent_statements_covered_display": "0"}, "missing_lines": [373], "excluded_lines": []}, "": {"executed_lines": [1, 6, 19, 20, 21, 22, 24, 26, 44, 45, 47, 49, 50, 51, 52, 53, 54, 55, 56, 57, 58, 59, 62, 63, 64, 65, 67, 71, 72, 74, 76, 77, 78, 79, 80, 81, 82, 83, 84, 85, 86, 87, 90, 92, 96, 97, 99, 101, 102, 103, 104, 105, 106, 107, 108, 109, 110, 113, 114, 118, 122, 126, 127, 129, 131, 132, 133, 134, 135, 136, 139, 140, 142, 146, 147, 149, 151, 152, 153, 154, 155, 156, 157, 158, 159, 160, 163, 166, 170, 171, 173, 175, 176, 177, 178, 179, 180, 181, 182, 185, 186, 189, 193, 194, 207, 209, 210, 211, 212, 213, 214, 215, 216, 217, 218, 225, 229, 233, 234, 236, 238, 239, 240, 241, 242, 243, 244, 245, 248, 251, 255, 259, 260, 262, 264, 265, 266, 267, 268, 271, 273, 277, 278, 280, 282, 283, 284, 285, 286, 287, 288, 289, 292, 296, 300, 301, 303, 305, 306, 307, 308, 309, 312, 314, 318, 319, 321, 323, 324, 325, 326, 327, 328, 330, 334, 335, 337, 339, 340, 341, 342, 343, 344, 345, 346, 349, 351, 355, 356, 358, 360, 361, 362, 363, 364, 365, 366, 367, 370, 372], "summary": {"covered_lines": 185, "num_statements": 185, "percent_covered": 100.0, "percent_covered_display": "100", "missing_lines": 0, "excluded_lines": 0, "percent_statements_covered": 100.0, "percent_statements_covered_display": "100"}, "missing_lines": [], "excluded_lines": []}}}, "src\\common\\modules\\db\\session.py": {"executed_lines": [1, 6, 7, 8, 9, 11, 14, 21, 22, 24, 26, 27, 31, 43, 52, 61, 63, 66], "summary": {"covered_lines": 17, "num_statements": 27, "percent_covered": 62.96296296296296, "percent_covered_display": "63", "missing_lines": 10, "excluded_lines": 0, "percent_statements_covered": 62.96296296296296, "percent_statements_covered_display": "63"}, "missing_lines": [29, 39, 73, 74, 75, 76, 77, 78, 79, 81], "excluded_lines": [], "functions": {"_encode_database_url": {"executed_lines": [21, 22, 24, 26, 27, 31], "summary": {"covered_lines": 6, "num_statements": 8, "percent_covered": 75.0, "percent_covered_display": "75", "missing_lines": 2, "excluded_lines": 0, "percent_statements_covered": 75.0, "percent_statements_covered_display": "75"}, "missing_lines": [29, 39], "excluded_lines": []}, "get_db": {"executed_lines": [], "summary": {"covered_lines": 0, "num_statements": 8, "percent_covered": 0.0, "percent_covered_display": "0", "missing_lines": 8, "excluded_lines": 0, "percent_statements_covered": 0.0, "percent_statements_covered_display": "0"}, "missing_lines": [73, 74, 75, 76, 77, 78, 79, 81], "excluded_lines": []}, "": {"executed_lines": [1, 6, 7, 8, 9, 11, 14, 43, 52, 61, 63, 66], "summary": {"covered_lines": 11, "num_statements": 11, "percent_covered": 100.0, "percent_covered_display": "100", "missing_lines": 0, "excluded_lines": 0, "percent_statements_covered": 100.0, "percent_statements_covered_display": "100"}, "missing_lines": [], "excluded_lines": []}}, "classes": {"": {"executed_lines": [1, 6, 7, 8, 9, 11, 14, 21, 22, 24, 26, 27, 31, 43, 52, 61, 63, 66], "summary": {"covered_lines": 17, "num_statements": 27, "percent_covered": 62.96296296296296, "percent_covered_display": "63", "missing_lines": 10, "excluded_lines": 0, "percent_statements_covered": 62.96296296296296, "percent_statements_covered_display": "63"}, "missing_lines": [29, 39, 73, 74, 75, 76, 77, 78, 79, 81], "excluded_lines": []}}}, "src\\common\\modules\\email\\__init__.py": {"executed_lines": [1, 7, 9], "summary": {"covered_lines": 2, "num_statements": 2, "percent_covered": 100.0, "percent_covered_display": "100", "missing_lines": 0, "excluded_lines": 0, "percent_statements_covered": 100.0, "percent_statements_covered_display": "100"}, "missing_lines": [], "excluded_lines": [], "functions": {"": {"executed_lines": [1, 7, 9], "summary": {"covered_lines": 2, "num_statements": 2, "percent_covered": 100.0, "percent_covered_display": "100", "missing_lines": 0, "excluded_lines": 0, "percent_statements_covered": 100.0, "percent_statements_covered_display": "100"}, "missing_lines": [], "excluded_lines": []}}, "classes": {"": {"executed_lines": [1, 7, 9], "summary": {"covered_lines": 2, "num_statements": 2, "percent_covered": 100.0, "percent_covered_display": "100", "missing_lines": 0, "excluded_lines": 0, "percent_statements_covered": 100.0, "percent_statements_covered_display": "100"}, "missing_lines": [], "excluded_lines": []}}}, "src\\common\\modules\\email\\service.py": {"executed_lines": [1, 6, 7, 8, 9, 10, 11, 12, 14, 15, 18, 19, 21, 23, 24, 25, 26, 27, 28, 29, 30, 33, 34, 39, 62, 63, 64, 67, 68, 69, 70, 73, 74, 75, 77, 78, 81, 82, 91, 100, 108, 110, 111, 121, 123, 136, 137, 138, 140, 141, 143, 144, 145, 154, 156, 170, 172, 179, 181, 188, 202, 209, 213, 220, 241, 250, 252, 258, 265, 286, 294, 296, 305], "summary": {"covered_lines": 71, "num_statements": 71, "percent_covered": 100.0, "percent_covered_display": "100", "missing_lines": 0, "excluded_lines": 0, "percent_statements_covered": 100.0, "percent_statements_covered_display": "100"}, "missing_lines": [], "excluded_lines": [], "functions": {"EmailService.__init__": {"executed_lines": [23, 24, 25, 26, 27, 28, 29, 30, 33, 34], "summary": {"covered_lines": 10, "num_statements": 10, "percent_covered": 100.0, "percent_covered_display": "100", "missing_lines": 0, "excluded_lines": 0, "percent_statements_covered": 100.0, "percent_statements_covered_display": "100"}, "missing_lines": [], "excluded_lines": []}, "EmailService.send_email": {"executed_lines": [62, 63, 64, 67, 68, 69, 70, 73, 74, 75, 77, 78, 81, 82, 91, 100, 108, 110, 111, 121], "summary": {"covered_lines": 20, "num_statements": 20, "percent_covered": 100.0, "percent_covered_display": "100", "missing_lines": 0, "excluded_lines": 0, "percent_statements_covered": 100.0, "percent_statements_covered_display": "100"}, "missing_lines": [], "excluded_lines": []}, "EmailService.render_template": {"executed_lines": [136, 137, 138, 140, 141, 143, 144, 145, 154], "summary": {"covered_lines": 9, "num_statements": 9, "percent_covered": 100.0, "percent_covered_display": "100", "missing_lines": 0, "excluded_lines": 0, "percent_statements_covered": 100.0, "percent_statements_covered_display": "100"}, "missing_lines": [], "excluded_lines": []}, "EmailService.send_password_reset_email": {"executed_lines": [170, 172, 179, 181], "summary": {"covered_lines": 4, "num_statements": 4, "percent_covered": 100.0, "percent_covered_display": "100", "missing_lines": 0, "excluded_lines": 0, "percent_statements_covered": 100.0, "percent_statements_covered_display": "100"}, "missing_lines": [], "excluded_lines": []}, "EmailService.send_registration_confirmation_email": {"executed_lines": [202, 209, 213], "summary": {"covered_lines": 3, "num_statements": 3, "percent_covered": 100.0, "percent_covered_display": "100", "missing_lines": 0, "excluded_lines": 0, "percent_statements_covered": 100.0, "percent_statements_covered_display": "100"}, "missing_lines": [], "excluded_lines": []}, "EmailService.send_approval_notification_email": {"executed_lines": [241, 250, 252, 258], "summary": {"covered_lines": 4, "num_statements": 4, "percent_covered": 100.0, "percent_covered_display": "100", "missing_lines": 0, "excluded_lines": 0, "percent_statements_covered": 100.0, "percent_statements_covered_display": "100"}, "missing_lines": [], "excluded_lines": []}, "EmailService.send_revision_request_email": {"executed_lines": [286, 294, 296], "summary": {"covered_lines": 3, "num_statements": 3, "percent_covered": 100.0, "percent_covered_display": "100", "missing_lines": 0, "excluded_lines": 0, "percent_statements_covered": 100.0, "percent_statements_covered_display": "100"}, "missing_lines": [], "excluded_lines": []}, "": {"executed_lines": [1, 6, 7, 8, 9, 10, 11, 12, 14, 15, 18, 19, 21, 39, 123, 156, 188, 220, 265, 305], "summary": {"covered_lines": 18, "num_statements": 18, "percent_covered": 100.0, "percent_covered_display": "100", "missing_lines": 0, "excluded_lines": 0, "percent_statements_covered": 100.0, "percent_statements_covered_display": "100"}, "missing_lines": [], "excluded_lines": []}}, "classes": {"EmailService": {"executed_lines": [23, 24, 25, 26, 27, 28, 29, 30, 33, 34, 62, 63, 64, 67, 68, 69, 70, 73, 74, 75, 77, 78, 81, 82, 91, 100, 108, 110, 111, 121, 136, 137, 138, 140, 141, 143, 144, 145, 154, 170, 172, 179, 181, 202, 209, 213, 241, 250, 252, 258, 286, 294, 296], "summary": {"covered_lines": 53, "num_statements": 53, "percent_covered": 100.0, "percent_covered_display": "100", "missing_lines": 0, "excluded_lines": 0, "percent_statements_covered": 100.0, "percent_statements_covered_display": "100"}, "missing_lines": [], "excluded_lines": []}, "": {"executed_lines": [1, 6, 7, 8, 9, 10, 11, 12, 14, 15, 18, 19, 21, 39, 123, 156, 188, 220, 265, 305], "summary": {"covered_lines": 18, "num_statements": 18, "percent_covered": 100.0, "percent_covered_display": "100", "missing_lines": 0, "excluded_lines": 0, "percent_statements_covered": 100.0, "percent_statements_covered_display": "100"}, "missing_lines": [], "excluded_lines": []}}}, "src\\common\\modules\\exception\\__init__.py": {"executed_lines": [1, 2, 13, 19, 21], "summary": {"covered_lines": 4, "num_statements": 4, "percent_covered": 100.0, "percent_covered_display": "100", "missing_lines": 0, "excluded_lines": 0, "percent_statements_covered": 100.0, "percent_statements_covered_display": "100"}, "missing_lines": [], "excluded_lines": [], "functions": {"": {"executed_lines": [1, 2, 13, 19, 21], "summary": {"covered_lines": 4, "num_statements": 4, "percent_covered": 100.0, "percent_covered_display": "100", "missing_lines": 0, "excluded_lines": 0, "percent_statements_covered": 100.0, "percent_statements_covered_display": "100"}, "missing_lines": [], "excluded_lines": []}}, "classes": {"": {"executed_lines": [1, 2, 13, 19, 21], "summary": {"covered_lines": 4, "num_statements": 4, "percent_covered": 100.0, "percent_covered_display": "100", "missing_lines": 0, "excluded_lines": 0, "percent_statements_covered": 100.0, "percent_statements_covered_display": "100"}, "missing_lines": [], "excluded_lines": []}}}, "src\\common\\modules\\exception\\exceptions.py": {"executed_lines": [1, 2, 5, 6, 11, 27, 28, 29, 30, 31, 34, 35, 37, 38, 46, 47, 49, 50, 58, 59, 61, 62, 70, 71, 73, 74, 82, 83, 85, 94, 95, 97, 106, 107, 109, 118, 119, 121], "summary": {"covered_lines": 28, "num_statements": 32, "percent_covered": 87.5, "percent_covered_display": "88", "missing_lines": 4, "excluded_lines": 0, "percent_statements_covered": 87.5, "percent_statements_covered_display": "88"}, "missing_lines": [86, 98, 110, 122], "excluded_lines": [], "functions": {"AppException.__init__": {"executed_lines": [27, 28, 29, 30, 31], "summary": {"covered_lines": 5, "num_statements": 5, "percent_covered": 100.0, "percent_covered_display": "100", "missing_lines": 0, "excluded_lines": 0, "percent_statements_covered": 100.0, "percent_statements_covered_display": "100"}, "missing_lines": [], "excluded_lines": []}, "NotFoundError.__init__": {"executed_lines": [38], "summary": {"covered_lines": 1, "num_statements": 1, "percent_covered": 100.0, "percent_covered_display": "100", "missing_lines": 0, "excluded_lines": 0, "percent_statements_covered": 100.0, "percent_statements_covered_display": "100"}, "missing_lines": [], "excluded_lines": []}, "ValidationError.__init__": {"executed_lines": [50], "summary": {"covered_lines": 1, "num_statements": 1, "percent_covered": 100.0, "percent_covered_display": "100", "missing_lines": 0, "excluded_lines": 0, "percent_statements_covered": 100.0, "percent_statements_covered_display": "100"}, "missing_lines": [], "excluded_lines": []}, "UnauthorizedError.__init__": {"executed_lines": [62], "summary": {"covered_lines": 1, "num_statements": 1, "percent_covered": 100.0, "percent_covered_display": "100", "missing_lines": 0, "excluded_lines": 0, "percent_statements_covered": 100.0, "percent_statements_covered_display": "100"}, "missing_lines": [], "excluded_lines": []}, "ForbiddenError.__init__": {"executed_lines": [74], "summary": {"covered_lines": 1, "num_statements": 1, "percent_covered": 100.0, "percent_covered_display": "100", "missing_lines": 0, "excluded_lines": 0, "percent_statements_covered": 100.0, "percent_statements_covered_display": "100"}, "missing_lines": [], "excluded_lines": []}, "ConflictError.__init__": {"executed_lines": [], "summary": {"covered_lines": 0, "num_statements": 1, "percent_covered": 0.0, "percent_covered_display": "0", "missing_lines": 1, "excluded_lines": 0, "percent_statements_covered": 0.0, "percent_statements_covered_display": "0"}, "missing_lines": [86], "excluded_lines": []}, "BadRequestError.__init__": {"executed_lines": [], "summary": {"covered_lines": 0, "num_statements": 1, "percent_covered": 0.0, "percent_covered_display": "0", "missing_lines": 1, "excluded_lines": 0, "percent_statements_covered": 0.0, "percent_statements_covered_display": "0"}, "missing_lines": [98], "excluded_lines": []}, "InternalServerError.__init__": {"executed_lines": [], "summary": {"covered_lines": 0, "num_statements": 1, "percent_covered": 0.0, "percent_covered_display": "0", "missing_lines": 1, "excluded_lines": 0, "percent_statements_covered": 0.0, "percent_statements_covered_display": "0"}, "missing_lines": [110], "excluded_lines": []}, "ServiceUnavailableError.__init__": {"executed_lines": [], "summary": {"covered_lines": 0, "num_statements": 1, "percent_covered": 0.0, "percent_covered_display": "0", "missing_lines": 1, "excluded_lines": 0, "percent_statements_covered": 0.0, "percent_statements_covered_display": "0"}, "missing_lines": [122], "excluded_lines": []}, "": {"executed_lines": [1, 2, 5, 6, 11, 34, 35, 37, 46, 47, 49, 58, 59, 61, 70, 71, 73, 82, 83, 85, 94, 95, 97, 106, 107, 109, 118, 119, 121], "summary": {"covered_lines": 19, "num_statements": 19, "percent_covered": 100.0, "percent_covered_display": "100", "missing_lines": 0, "excluded_lines": 0, "percent_statements_covered": 100.0, "percent_statements_covered_display": "100"}, "missing_lines": [], "excluded_lines": []}}, "classes": {"AppException": {"executed_lines": [27, 28, 29, 30, 31], "summary": {"covered_lines": 5, "num_statements": 5, "percent_covered": 100.0, "percent_covered_display": "100", "missing_lines": 0, "excluded_lines": 0, "percent_statements_covered": 100.0, "percent_statements_covered_display": "100"}, "missing_lines": [], "excluded_lines": []}, "NotFoundError": {"executed_lines": [38], "summary": {"covered_lines": 1, "num_statements": 1, "percent_covered": 100.0, "percent_covered_display": "100", "missing_lines": 0, "excluded_lines": 0, "percent_statements_covered": 100.0, "percent_statements_covered_display": "100"}, "missing_lines": [], "excluded_lines": []}, "ValidationError": {"executed_lines": [50], "summary": {"covered_lines": 1, "num_statements": 1, "percent_covered": 100.0, "percent_covered_display": "100", "missing_lines": 0, "excluded_lines": 0, "percent_statements_covered": 100.0, "percent_statements_covered_display": "100"}, "missing_lines": [], "excluded_lines": []}, "UnauthorizedError": {"executed_lines": [62], "summary": {"covered_lines": 1, "num_statements": 1, "percent_covered": 100.0, "percent_covered_display": "100", "missing_lines": 0, "excluded_lines": 0, "percent_statements_covered": 100.0, "percent_statements_covered_display": "100"}, "missing_lines": [], "excluded_lines": []}, "ForbiddenError": {"executed_lines": [74], "summary": {"covered_lines": 1, "num_statements": 1, "percent_covered": 100.0, "percent_covered_display": "100", "missing_lines": 0, "excluded_lines": 0, "percent_statements_covered": 100.0, "percent_statements_covered_display": "100"}, "missing_lines": [], "excluded_lines": []}, "ConflictError": {"executed_lines": [], "summary": {"covered_lines": 0, "num_statements": 1, "percent_covered": 0.0, "percent_covered_display": "0", "missing_lines": 1, "excluded_lines": 0, "percent_statements_covered": 0.0, "percent_statements_covered_display": "0"}, "missing_lines": [86], "excluded_lines": []}, "BadRequestError": {"executed_lines": [], "summary": {"covered_lines": 0, "num_statements": 1, "percent_covered": 0.0, "percent_covered_display": "0", "missing_lines": 1, "excluded_lines": 0, "percent_statements_covered": 0.0, "percent_statements_covered_display": "0"}, "missing_lines": [98], "excluded_lines": []}, "InternalServerError": {"executed_lines": [], "summary": {"covered_lines": 0, "num_statements": 1, "percent_covered": 0.0, "percent_covered_display": "0", "missing_lines": 1, "excluded_lines": 0, "percent_statements_covered": 0.0, "percent_statements_covered_display": "0"}, "missing_lines": [110], "excluded_lines": []}, "ServiceUnavailableError": {"executed_lines": [], "summary": {"covered_lines": 0, "num_statements": 1, "percent_covered": 0.0, "percent_covered_display": "0", "missing_lines": 1, "excluded_lines": 0, "percent_statements_covered": 0.0, "percent_statements_covered_display": "0"}, "missing_lines": [122], "excluded_lines": []}, "": {"executed_lines": [1, 2, 5, 6, 11, 34, 35, 37, 46, 47, 49, 58, 59, 61, 70, 71, 73, 82, 83, 85, 94, 95, 97, 106, 107, 109, 118, 119, 121], "summary": {"covered_lines": 19, "num_statements": 19, "percent_covered": 100.0, "percent_covered_display": "100", "missing_lines": 0, "excluded_lines": 0, "percent_statements_covered": 100.0, "percent_statements_covered_display": "100"}, "missing_lines": [], "excluded_lines": []}}}, "src\\common\\modules\\exception\\handlers.py": {"executed_lines": [1, 6, 7, 8, 9, 10, 12, 13, 14, 15, 18, 20, 23, 36, 38, 47, 50, 83, 144], "summary": {"covered_lines": 18, "num_statements": 46, "percent_covered": 39.130434782608695, "percent_covered_display": "39", "missing_lines": 28, "excluded_lines": 0, "percent_statements_covered": 39.130434782608695, "percent_statements_covered_display": "39"}, "missing_lines": [54, 55, 58, 69, 71, 80, 87, 90, 91, 92, 94, 95, 105, 115, 116, 117, 128, 130, 139, 146, 149, 161, 162, 164, 165, 166, 172, 181], "excluded_lines": [], "functions": {"app_exception_handler": {"executed_lines": [20, 23, 36, 38, 47], "summary": {"covered_lines": 5, "num_statements": 5, "percent_covered": 100.0, "percent_covered_display": "100", "missing_lines": 0, "excluded_lines": 0, "percent_statements_covered": 100.0, "percent_statements_covered_display": "100"}, "missing_lines": [], "excluded_lines": []}, "validation_exception_handler": {"executed_lines": [], "summary": {"covered_lines": 0, "num_statements": 6, "percent_covered": 0.0, "percent_covered_display": "0", "missing_lines": 6, "excluded_lines": 0, "percent_statements_covered": 0.0, "percent_statements_covered_display": "0"}, "missing_lines": [54, 55, 58, 69, 71, 80], "excluded_lines": []}, "sqlalchemy_exception_handler": {"executed_lines": [], "summary": {"covered_lines": 0, "num_statements": 13, "percent_covered": 0.0, "percent_covered_display": "0", "missing_lines": 13, "excluded_lines": 0, "percent_statements_covered": 0.0, "percent_statements_covered_display": "0"}, "missing_lines": [87, 90, 91, 92, 94, 95, 105, 115, 116, 117, 128, 130, 139], "excluded_lines": []}, "general_exception_handler": {"executed_lines": [], "summary": {"covered_lines": 0, "num_statements": 9, "percent_covered": 0.0, "percent_covered_display": "0", "missing_lines": 9, "excluded_lines": 0, "percent_statements_covered": 0.0, "percent_statements_covered_display": "0"}, "missing_lines": [146, 149, 161, 162, 164, 165, 166, 172, 181], "excluded_lines": []}, "": {"executed_lines": [1, 6, 7, 8, 9, 10, 12, 13, 14, 15, 18, 50, 83, 144], "summary": {"covered_lines": 13, "num_statements": 13, "percent_covered": 100.0, "percent_covered_display": "100", "missing_lines": 0, "excluded_lines": 0, "percent_statements_covered": 100.0, "percent_statements_covered_display": "100"}, "missing_lines": [], "excluded_lines": []}}, "classes": {"": {"executed_lines": [1, 6, 7, 8, 9, 10, 12, 13, 14, 15, 18, 20, 23, 36, 38, 47, 50, 83, 144], "summary": {"covered_lines": 18, "num_statements": 46, "percent_covered": 39.130434782608695, "percent_covered_display": "39", "missing_lines": 28, "excluded_lines": 0, "percent_statements_covered": 39.130434782608695, "percent_statements_covered_display": "39"}, "missing_lines": [54, 55, 58, 69, 71, 80, 87, 90, 91, 92, 94, 95, 105, 115, 116, 117, 128, 130, 139, 146, 149, 161, 162, 164, 165, 166, 172, 181], "excluded_lines": []}}}, "src\\common\\modules\\exception\\responses.py": {"executed_lines": [1, 2, 3, 6, 28, 34, 35, 37, 38, 41, 44, 47, 58, 62, 63, 64, 65], "summary": {"covered_lines": 16, "num_statements": 18, "percent_covered": 88.88888888888889, "percent_covered_display": "89", "missing_lines": 2, "excluded_lines": 0, "percent_statements_covered": 88.88888888888889, "percent_statements_covered_display": "89"}, "missing_lines": [42, 59], "excluded_lines": [], "functions": {"create_error_response": {"executed_lines": [28, 34, 35, 37, 38, 41, 44], "summary": {"covered_lines": 7, "num_statements": 8, "percent_covered": 87.5, "percent_covered_display": "88", "missing_lines": 1, "excluded_lines": 0, "percent_statements_covered": 87.5, "percent_statements_covered_display": "88"}, "missing_lines": [42], "excluded_lines": []}, "get_trace_id": {"executed_lines": [58, 62, 63, 64, 65], "summary": {"covered_lines": 5, "num_statements": 6, "percent_covered": 83.33333333333333, "percent_covered_display": "83", "missing_lines": 1, "excluded_lines": 0, "percent_statements_covered": 83.33333333333333, "percent_statements_covered_display": "83"}, "missing_lines": [59], "excluded_lines": []}, "": {"executed_lines": [1, 2, 3, 6, 47], "summary": {"covered_lines": 4, "num_statements": 4, "percent_covered": 100.0, "percent_covered_display": "100", "missing_lines": 0, "excluded_lines": 0, "percent_statements_covered": 100.0, "percent_statements_covered_display": "100"}, "missing_lines": [], "excluded_lines": []}}, "classes": {"": {"executed_lines": [1, 2, 3, 6, 28, 34, 35, 37, 38, 41, 44, 47, 58, 62, 63, 64, 65], "summary": {"covered_lines": 16, "num_statements": 18, "percent_covered": 88.88888888888889, "percent_covered_display": "89", "missing_lines": 2, "excluded_lines": 0, "percent_statements_covered": 88.88888888888889, "percent_statements_covered_display": "89"}, "missing_lines": [42, 59], "excluded_lines": []}}}, "src\\common\\modules\\export\\__init__.py": {"executed_lines": [1, 6, 8], "summary": {"covered_lines": 2, "num_statements": 2, "percent_covered": 100.0, "percent_covered_display": "100", "missing_lines": 0, "excluded_lines": 0, "percent_statements_covered": 100.0, "percent_statements_covered_display": "100"}, "missing_lines": [], "excluded_lines": [], "functions": {"": {"executed_lines": [1, 6, 8], "summary": {"covered_lines": 2, "num_statements": 2, "percent_covered": 100.0, "percent_covered_display": "100", "missing_lines": 0, "excluded_lines": 0, "percent_statements_covered": 100.0, "percent_statements_covered_display": "100"}, "missing_lines": [], "excluded_lines": []}}, "classes": {"": {"executed_lines": [1, 6, 8], "summary": {"covered_lines": 2, "num_statements": 2, "percent_covered": 100.0, "percent_covered_display": "100", "missing_lines": 0, "excluded_lines": 0, "percent_statements_covered": 100.0, "percent_statements_covered_display": "100"}, "missing_lines": [], "excluded_lines": []}}}, "src\\common\\modules\\export\\exporter.py": {"executed_lines": [1, 6, 7, 8, 9, 10, 11, 12, 14, 17, 18, 20, 21, 39, 40, 41, 42, 45, 46, 48, 50, 51, 52, 53, 56, 57, 58, 59, 60, 61, 62, 63, 66, 67, 70, 73, 75, 76, 77, 78, 79, 80, 83, 84, 85, 86, 87, 90, 91, 92, 93, 95, 96, 98, 101, 102, 103, 106, 107, 108, 109, 112, 115, 116, 117, 119, 128, 138, 139, 153, 154, 155, 158, 159, 162, 163, 164, 166, 168, 169, 170, 171, 172, 173, 175, 176, 178, 179, 181, 189], "summary": {"covered_lines": 88, "num_statements": 94, "percent_covered": 93.61702127659575, "percent_covered_display": "94", "missing_lines": 6, "excluded_lines": 0, "percent_statements_covered": 93.61702127659575, "percent_statements_covered_display": "94"}, "missing_lines": [130, 131, 136, 191, 192, 197], "excluded_lines": [], "functions": {"ExportService.export_to_excel": {"executed_lines": [39, 40, 41, 42, 45, 46, 48, 50, 51, 52, 53, 56, 57, 58, 59, 60, 61, 62, 63, 66, 67, 70, 73, 75, 76, 77, 78, 79, 80, 83, 84, 85, 86, 87, 90, 91, 92, 93, 95, 96, 98, 101, 102, 103, 106, 107, 108, 109, 112, 115, 116, 117, 119, 128], "summary": {"covered_lines": 54, "num_statements": 57, "percent_covered": 94.73684210526316, "percent_covered_display": "95", "missing_lines": 3, "excluded_lines": 0, "percent_statements_covered": 94.73684210526316, "percent_statements_covered_display": "95"}, "missing_lines": [130, 131, 136], "excluded_lines": []}, "ExportService.export_to_csv": {"executed_lines": [153, 154, 155, 158, 159, 162, 163, 164, 166, 168, 169, 170, 171, 172, 173, 175, 176, 178, 179, 181, 189], "summary": {"covered_lines": 21, "num_statements": 24, "percent_covered": 87.5, "percent_covered_display": "88", "missing_lines": 3, "excluded_lines": 0, "percent_statements_covered": 87.5, "percent_statements_covered_display": "88"}, "missing_lines": [191, 192, 197], "excluded_lines": []}, "": {"executed_lines": [1, 6, 7, 8, 9, 10, 11, 12, 14, 17, 18, 20, 21, 138, 139], "summary": {"covered_lines": 13, "num_statements": 13, "percent_covered": 100.0, "percent_covered_display": "100", "missing_lines": 0, "excluded_lines": 0, "percent_statements_covered": 100.0, "percent_statements_covered_display": "100"}, "missing_lines": [], "excluded_lines": []}}, "classes": {"ExportService": {"executed_lines": [39, 40, 41, 42, 45, 46, 48, 50, 51, 52, 53, 56, 57, 58, 59, 60, 61, 62, 63, 66, 67, 70, 73, 75, 76, 77, 78, 79, 80, 83, 84, 85, 86, 87, 90, 91, 92, 93, 95, 96, 98, 101, 102, 103, 106, 107, 108, 109, 112, 115, 116, 117, 119, 128, 153, 154, 155, 158, 159, 162, 163, 164, 166, 168, 169, 170, 171, 172, 173, 175, 176, 178, 179, 181, 189], "summary": {"covered_lines": 75, "num_statements": 81, "percent_covered": 92.5925925925926, "percent_covered_display": "93", "missing_lines": 6, "excluded_lines": 0, "percent_statements_covered": 92.5925925925926, "percent_statements_covered_display": "93"}, "missing_lines": [130, 131, 136, 191, 192, 197], "excluded_lines": []}, "": {"executed_lines": [1, 6, 7, 8, 9, 10, 11, 12, 14, 17, 18, 20, 21, 138, 139], "summary": {"covered_lines": 13, "num_statements": 13, "percent_covered": 100.0, "percent_covered_display": "100", "missing_lines": 0, "excluded_lines": 0, "percent_statements_covered": 100.0, "percent_statements_covered_display": "100"}, "missing_lines": [], "excluded_lines": []}}}, "src\\common\\modules\\integrations\\__init__.py": {"executed_lines": [1], "summary": {"covered_lines": 0, "num_statements": 0, "percent_covered": 100.0, "percent_covered_display": "100", "missing_lines": 0, "excluded_lines": 0, "percent_statements_covered": 100.0, "percent_statements_covered_display": "100"}, "missing_lines": [], "excluded_lines": [], "functions": {"": {"executed_lines": [1], "summary": {"covered_lines": 0, "num_statements": 0, "percent_covered": 100.0, "percent_covered_display": "100", "missing_lines": 0, "excluded_lines": 0, "percent_statements_covered": 100.0, "percent_statements_covered_display": "100"}, "missing_lines": [], "excluded_lines": []}}, "classes": {"": {"executed_lines": [1], "summary": {"covered_lines": 0, "num_statements": 0, "percent_covered": 100.0, "percent_covered_display": "100", "missing_lines": 0, "excluded_lines": 0, "percent_statements_covered": 100.0, "percent_statements_covered_display": "100"}, "missing_lines": [], "excluded_lines": []}}}, "src\\common\\modules\\integrations\\nice_dnb\\__init__.py": {"executed_lines": [1, 8, 9, 16], "summary": {"covered_lines": 3, "num_statements": 3, "percent_covered": 100.0, "percent_covered_display": "100", "missing_lines": 0, "excluded_lines": 0, "percent_statements_covered": 100.0, "percent_statements_covered_display": "100"}, "missing_lines": [], "excluded_lines": [], "functions": {"": {"executed_lines": [1, 8, 9, 16], "summary": {"covered_lines": 3, "num_statements": 3, "percent_covered": 100.0, "percent_covered_display": "100", "missing_lines": 0, "excluded_lines": 0, "percent_statements_covered": 100.0, "percent_statements_covered_display": "100"}, "missing_lines": [], "excluded_lines": []}}, "classes": {"": {"executed_lines": [1, 8, 9, 16], "summary": {"covered_lines": 3, "num_statements": 3, "percent_covered": 100.0, "percent_covered_display": "100", "missing_lines": 0, "excluded_lines": 0, "percent_statements_covered": 100.0, "percent_statements_covered_display": "100"}, "missing_lines": [], "excluded_lines": []}}}, "src\\common\\modules\\integrations\\nice_dnb\\schemas.py": {"executed_lines": [1, 6, 7, 8, 11, 12, 14, 15, 16, 17, 20, 21, 23, 24, 25, 30, 31, 33, 34, 35, 36, 37, 38, 39, 40, 43, 46, 47, 49, 50, 51, 54], "summary": {"covered_lines": 27, "num_statements": 27, "percent_covered": 100.0, "percent_covered_display": "100", "missing_lines": 0, "excluded_lines": 0, "percent_statements_covered": 100.0, "percent_statements_covered_display": "100"}, "missing_lines": [], "excluded_lines": [], "functions": {"": {"executed_lines": [1, 6, 7, 8, 11, 12, 14, 15, 16, 17, 20, 21, 23, 24, 25, 30, 31, 33, 34, 35, 36, 37, 38, 39, 40, 43, 46, 47, 49, 50, 51, 54], "summary": {"covered_lines": 27, "num_statements": 27, "percent_covered": 100.0, "percent_covered_display": "100", "missing_lines": 0, "excluded_lines": 0, "percent_statements_covered": 100.0, "percent_statements_covered_display": "100"}, "missing_lines": [], "excluded_lines": []}}, "classes": {"NiceDnBFinancialData": {"executed_lines": [], "summary": {"covered_lines": 0, "num_statements": 0, "percent_covered": 100.0, "percent_covered_display": "100", "missing_lines": 0, "excluded_lines": 0, "percent_statements_covered": 100.0, "percent_statements_covered_display": "100"}, "missing_lines": [], "excluded_lines": []}, "NiceDnBInsight": {"executed_lines": [], "summary": {"covered_lines": 0, "num_statements": 0, "percent_covered": 100.0, "percent_covered_display": "100", "missing_lines": 0, "excluded_lines": 0, "percent_statements_covered": 100.0, "percent_statements_covered_display": "100"}, "missing_lines": [], "excluded_lines": []}, "NiceDnBCompanyData": {"executed_lines": [], "summary": {"covered_lines": 0, "num_statements": 0, "percent_covered": 100.0, "percent_covered_display": "100", "missing_lines": 0, "excluded_lines": 0, "percent_statements_covered": 100.0, "percent_statements_covered_display": "100"}, "missing_lines": [], "excluded_lines": []}, "NiceDnBResponse": {"executed_lines": [], "summary": {"covered_lines": 0, "num_statements": 0, "percent_covered": 100.0, "percent_covered_display": "100", "missing_lines": 0, "excluded_lines": 0, "percent_statements_covered": 100.0, "percent_statements_covered_display": "100"}, "missing_lines": [], "excluded_lines": []}, "": {"executed_lines": [1, 6, 7, 8, 11, 12, 14, 15, 16, 17, 20, 21, 23, 24, 25, 30, 31, 33, 34, 35, 36, 37, 38, 39, 40, 43, 46, 47, 49, 50, 51, 54], "summary": {"covered_lines": 27, "num_statements": 27, "percent_covered": 100.0, "percent_covered_display": "100", "missing_lines": 0, "excluded_lines": 0, "percent_statements_covered": 100.0, "percent_statements_covered_display": "100"}, "missing_lines": [], "excluded_lines": []}}}, "src\\common\\modules\\integrations\\nice_dnb\\service.py": {"executed_lines": [1, 11, 12, 13, 15, 16, 17, 20, 21, 28, 30, 31, 34, 35, 38, 39, 41, 50, 134, 156, 230, 297, 327, 355], "summary": {"covered_lines": 22, "num_statements": 107, "percent_covered": 20.560747663551403, "percent_covered_display": "21", "missing_lines": 85, "excluded_lines": 0, "percent_statements_covered": 20.560747663551403, "percent_statements_covered_display": "21"}, "missing_lines": [43, 64, 69, 71, 72, 75, 77, 81, 86, 89, 101, 103, 106, 109, 110, 112, 113, 115, 116, 120, 121, 122, 126, 127, 128, 132, 144, 149, 150, 151, 152, 154, 171, 172, 175, 178, 180, 181, 182, 184, 186, 187, 188, 189, 193, 199, 200, 204, 206, 210, 212, 213, 217, 218, 219, 222, 223, 224, 228, 251, 266, 267, 268, 269, 279, 280, 281, 282, 290, 307, 308, 311, 318, 319, 320, 321, 322, 324, 325, 340, 341, 342, 344, 346, 351], "excluded_lines": [], "functions": {"NiceDnBClient.__init__": {"executed_lines": [30, 31, 34, 35, 38, 39], "summary": {"covered_lines": 6, "num_statements": 6, "percent_covered": 100.0, "percent_covered_display": "100", "missing_lines": 0, "excluded_lines": 0, "percent_statements_covered": 100.0, "percent_statements_covered_display": "100"}, "missing_lines": [], "excluded_lines": []}, "NiceDnBClient._is_configured": {"executed_lines": [], "summary": {"covered_lines": 0, "num_statements": 1, "percent_covered": 0.0, "percent_covered_display": "0", "missing_lines": 1, "excluded_lines": 0, "percent_statements_covered": 0.0, "percent_statements_covered_display": "0"}, "missing_lines": [43], "excluded_lines": []}, "NiceDnBClient._get_access_token": {"executed_lines": [], "summary": {"covered_lines": 0, "num_statements": 25, "percent_covered": 0.0, "percent_covered_display": "0", "missing_lines": 25, "excluded_lines": 0, "percent_statements_covered": 0.0, "percent_statements_covered_display": "0"}, "missing_lines": [64, 69, 71, 72, 75, 77, 81, 86, 89, 101, 103, 106, 109, 110, 112, 113, 115, 116, 120, 121, 122, 126, 127, 128, 132], "excluded_lines": []}, "NiceDnBClient._get_headers": {"executed_lines": [], "summary": {"covered_lines": 0, "num_statements": 6, "percent_covered": 0.0, "percent_covered_display": "0", "missing_lines": 6, "excluded_lines": 0, "percent_statements_covered": 0.0, "percent_statements_covered_display": "0"}, "missing_lines": [144, 149, 150, 151, 152, 154], "excluded_lines": []}, "NiceDnBClient.search_company": {"executed_lines": [], "summary": {"covered_lines": 0, "num_statements": 27, "percent_covered": 0.0, "percent_covered_display": "0", "missing_lines": 27, "excluded_lines": 0, "percent_statements_covered": 0.0, "percent_statements_covered_display": "0"}, "missing_lines": [171, 172, 175, 178, 180, 181, 182, 184, 186, 187, 188, 189, 193, 199, 200, 204, 206, 210, 212, 213, 217, 218, 219, 222, 223, 224, 228], "excluded_lines": []}, "NiceDnBClient._parse_response": {"executed_lines": [], "summary": {"covered_lines": 0, "num_statements": 10, "percent_covered": 0.0, "percent_covered_display": "0", "missing_lines": 10, "excluded_lines": 0, "percent_statements_covered": 0.0, "percent_statements_covered_display": "0"}, "missing_lines": [251, 266, 267, 268, 269, 279, 280, 281, 282, 290], "excluded_lines": []}, "NiceDnBClient._parse_date": {"executed_lines": [], "summary": {"covered_lines": 0, "num_statements": 10, "percent_covered": 0.0, "percent_covered_display": "0", "missing_lines": 10, "excluded_lines": 0, "percent_statements_covered": 0.0, "percent_statements_covered_display": "0"}, "missing_lines": [307, 308, 311, 318, 319, 320, 321, 322, 324, 325], "excluded_lines": []}, "NiceDnBClient.verify_company": {"executed_lines": [], "summary": {"covered_lines": 0, "num_statements": 6, "percent_covered": 0.0, "percent_covered_display": "0", "missing_lines": 6, "excluded_lines": 0, "percent_statements_covered": 0.0, "percent_statements_covered_display": "0"}, "missing_lines": [340, 341, 342, 344, 346, 351], "excluded_lines": []}, "": {"executed_lines": [1, 11, 12, 13, 15, 16, 17, 20, 21, 28, 41, 50, 134, 156, 230, 297, 327, 355], "summary": {"covered_lines": 16, "num_statements": 16, "percent_covered": 100.0, "percent_covered_display": "100", "missing_lines": 0, "excluded_lines": 0, "percent_statements_covered": 100.0, "percent_statements_covered_display": "100"}, "missing_lines": [], "excluded_lines": []}}, "classes": {"NiceDnBClient": {"executed_lines": [30, 31, 34, 35, 38, 39], "summary": {"covered_lines": 6, "num_statements": 91, "percent_covered": 6.593406593406593, "percent_covered_display": "7", "missing_lines": 85, "excluded_lines": 0, "percent_statements_covered": 6.593406593406593, "percent_statements_covered_display": "7"}, "missing_lines": [43, 64, 69, 71, 72, 75, 77, 81, 86, 89, 101, 103, 106, 109, 110, 112, 113, 115, 116, 120, 121, 122, 126, 127, 128, 132, 144, 149, 150, 151, 152, 154, 171, 172, 175, 178, 180, 181, 182, 184, 186, 187, 188, 189, 193, 199, 200, 204, 206, 210, 212, 213, 217, 218, 219, 222, 223, 224, 228, 251, 266, 267, 268, 269, 279, 280, 281, 282, 290, 307, 308, 311, 318, 319, 320, 321, 322, 324, 325, 340, 341, 342, 344, 346, 351], "excluded_lines": []}, "": {"executed_lines": [1, 11, 12, 13, 15, 16, 17, 20, 21, 28, 41, 50, 134, 156, 230, 297, 327, 355], "summary": {"covered_lines": 16, "num_statements": 16, "percent_covered": 100.0, "percent_covered_display": "100", "missing_lines": 0, "excluded_lines": 0, "percent_statements_covered": 100.0, "percent_statements_covered_display": "100"}, "missing_lines": [], "excluded_lines": []}}}, "src\\common\\modules\\logger\\__init__.py": {"executed_lines": [1, 12, 14, 15, 18, 21, 23], "summary": {"covered_lines": 6, "num_statements": 6, "percent_covered": 100.0, "percent_covered_display": "100", "missing_lines": 0, "excluded_lines": 0, "percent_statements_covered": 100.0, "percent_statements_covered_display": "100"}, "missing_lines": [], "excluded_lines": [], "functions": {"": {"executed_lines": [1, 12, 14, 15, 18, 21, 23], "summary": {"covered_lines": 6, "num_statements": 6, "percent_covered": 100.0, "percent_covered_display": "100", "missing_lines": 0, "excluded_lines": 0, "percent_statements_covered": 100.0, "percent_statements_covered_display": "100"}, "missing_lines": [], "excluded_lines": []}}, "classes": {"": {"executed_lines": [1, 12, 14, 15, 18, 21, 23], "summary": {"covered_lines": 6, "num_statements": 6, "percent_covered": 100.0, "percent_covered_display": "100", "missing_lines": 0, "excluded_lines": 0, "percent_statements_covered": 100.0, "percent_statements_covered_display": "100"}, "missing_lines": [], "excluded_lines": []}}}, "src\\common\\modules\\logger\\config.py": {"executed_lines": [1, 2, 3, 5, 6, 7, 8, 11, 20, 27, 30, 41, 44, 47, 55, 58, 59, 62, 65, 68, 71, 72, 73, 74, 75, 78, 96, 97, 98, 99], "summary": {"covered_lines": 29, "num_statements": 38, "percent_covered": 76.3157894736842, "percent_covered_display": "76", "missing_lines": 9, "excluded_lines": 0, "percent_statements_covered": 76.3157894736842, "percent_statements_covered_display": "76"}, "missing_lines": [42, 49, 79, 80, 82, 84, 91, 92, 93], "excluded_lines": [], "functions": {"get_log_level": {"executed_lines": [20, 27], "summary": {"covered_lines": 2, "num_statements": 2, "percent_covered": 100.0, "percent_covered_display": "100", "missing_lines": 0, "excluded_lines": 0, "percent_statements_covered": 100.0, "percent_statements_covered_display": "100"}, "missing_lines": [], "excluded_lines": []}, "setup_logging": {"executed_lines": [41, 44, 47, 55, 58, 59, 62, 65, 68, 71, 72, 73, 74, 75, 78, 96, 97, 98, 99], "summary": {"covered_lines": 19, "num_statements": 28, "percent_covered": 67.85714285714286, "percent_covered_display": "68", "missing_lines": 9, "excluded_lines": 0, "percent_statements_covered": 67.85714285714286, "percent_statements_covered_display": "68"}, "missing_lines": [42, 49, 79, 80, 82, 84, 91, 92, 93], "excluded_lines": []}, "": {"executed_lines": [1, 2, 3, 5, 6, 7, 8, 11, 30], "summary": {"covered_lines": 8, "num_statements": 8, "percent_covered": 100.0, "percent_covered_display": "100", "missing_lines": 0, "excluded_lines": 0, "percent_statements_covered": 100.0, "percent_statements_covered_display": "100"}, "missing_lines": [], "excluded_lines": []}}, "classes": {"": {"executed_lines": [1, 2, 3, 5, 6, 7, 8, 11, 20, 27, 30, 41, 44, 47, 55, 58, 59, 62, 65, 68, 71, 72, 73, 74, 75, 78, 96, 97, 98, 99], "summary": {"covered_lines": 29, "num_statements": 38, "percent_covered": 76.3157894736842, "percent_covered_display": "76", "missing_lines": 9, "excluded_lines": 0, "percent_statements_covered": 76.3157894736842, "percent_statements_covered_display": "76"}, "missing_lines": [42, 49, 79, 80, 82, 84, 91, 92, 93], "excluded_lines": []}}}, "src\\common\\modules\\logger\\filters.py": {"executed_lines": [1, 2, 3, 4, 7, 8, 10, 17, 18, 20, 28, 31, 32, 35, 41, 43, 45, 46, 47, 48, 51, 52, 54, 57, 58, 60], "summary": {"covered_lines": 23, "num_statements": 24, "percent_covered": 95.83333333333333, "percent_covered_display": "96", "missing_lines": 1, "excluded_lines": 0, "percent_statements_covered": 95.83333333333333, "percent_statements_covered_display": "96"}, "missing_lines": [36], "excluded_lines": [], "functions": {"SensitiveDataFilter.__init__": {"executed_lines": [17, 18, 20], "summary": {"covered_lines": 3, "num_statements": 3, "percent_covered": 100.0, "percent_covered_display": "100", "missing_lines": 0, "excluded_lines": 0, "percent_statements_covered": 100.0, "percent_statements_covered_display": "100"}, "missing_lines": [], "excluded_lines": []}, "SensitiveDataFilter.filter": {"executed_lines": [31, 32, 35, 41], "summary": {"covered_lines": 4, "num_statements": 5, "percent_covered": 80.0, "percent_covered_display": "80", "missing_lines": 1, "excluded_lines": 0, "percent_statements_covered": 80.0, "percent_statements_covered_display": "80"}, "missing_lines": [36], "excluded_lines": []}, "SensitiveDataFilter._mask_sensitive_data": {"executed_lines": [45, 46, 47, 48], "summary": {"covered_lines": 4, "num_statements": 4, "percent_covered": 100.0, "percent_covered_display": "100", "missing_lines": 0, "excluded_lines": 0, "percent_statements_covered": 100.0, "percent_statements_covered_display": "100"}, "missing_lines": [], "excluded_lines": []}, "ContextFilter.filter": {"executed_lines": [57, 58, 60], "summary": {"covered_lines": 3, "num_statements": 3, "percent_covered": 100.0, "percent_covered_display": "100", "missing_lines": 0, "excluded_lines": 0, "percent_statements_covered": 100.0, "percent_statements_covered_display": "100"}, "missing_lines": [], "excluded_lines": []}, "": {"executed_lines": [1, 2, 3, 4, 7, 8, 10, 28, 43, 51, 52, 54], "summary": {"covered_lines": 9, "num_statements": 9, "percent_covered": 100.0, "percent_covered_display": "100", "missing_lines": 0, "excluded_lines": 0, "percent_statements_covered": 100.0, "percent_statements_covered_display": "100"}, "missing_lines": [], "excluded_lines": []}}, "classes": {"SensitiveDataFilter": {"executed_lines": [17, 18, 20, 31, 32, 35, 41, 45, 46, 47, 48], "summary": {"covered_lines": 11, "num_statements": 12, "percent_covered": 91.66666666666667, "percent_covered_display": "92", "missing_lines": 1, "excluded_lines": 0, "percent_statements_covered": 91.66666666666667, "percent_statements_covered_display": "92"}, "missing_lines": [36], "excluded_lines": []}, "ContextFilter": {"executed_lines": [57, 58, 60], "summary": {"covered_lines": 3, "num_statements": 3, "percent_covered": 100.0, "percent_covered_display": "100", "missing_lines": 0, "excluded_lines": 0, "percent_statements_covered": 100.0, "percent_statements_covered_display": "100"}, "missing_lines": [], "excluded_lines": []}, "": {"executed_lines": [1, 2, 3, 4, 7, 8, 10, 28, 43, 51, 52, 54], "summary": {"covered_lines": 9, "num_statements": 9, "percent_covered": 100.0, "percent_covered_display": "100", "missing_lines": 0, "excluded_lines": 0, "percent_statements_covered": 100.0, "percent_statements_covered_display": "100"}, "missing_lines": [], "excluded_lines": []}}}, "src\\common\\modules\\logger\\formatter.py": {"executed_lines": [1, 2, 3, 4, 7, 8, 10, 13, 15, 26, 27, 30, 35, 44, 45, 46, 47, 48, 51, 52, 53, 76, 77, 79], "summary": {"covered_lines": 22, "num_statements": 24, "percent_covered": 91.66666666666667, "percent_covered_display": "92", "missing_lines": 2, "excluded_lines": 0, "percent_statements_covered": 91.66666666666667, "percent_statements_covered_display": "92"}, "missing_lines": [31, 32], "excluded_lines": [], "functions": {"JSONFormatter.format": {"executed_lines": [13, 15, 26, 27, 30, 35, 44, 45, 46, 47, 48, 51, 52, 53, 76, 77, 79], "summary": {"covered_lines": 17, "num_statements": 19, "percent_covered": 89.47368421052632, "percent_covered_display": "89", "missing_lines": 2, "excluded_lines": 0, "percent_statements_covered": 89.47368421052632, "percent_statements_covered_display": "89"}, "missing_lines": [31, 32], "excluded_lines": []}, "": {"executed_lines": [1, 2, 3, 4, 7, 8, 10], "summary": {"covered_lines": 5, "num_statements": 5, "percent_covered": 100.0, "percent_covered_display": "100", "missing_lines": 0, "excluded_lines": 0, "percent_statements_covered": 100.0, "percent_statements_covered_display": "100"}, "missing_lines": [], "excluded_lines": []}}, "classes": {"JSONFormatter": {"executed_lines": [13, 15, 26, 27, 30, 35, 44, 45, 46, 47, 48, 51, 52, 53, 76, 77, 79], "summary": {"covered_lines": 17, "num_statements": 19, "percent_covered": 89.47368421052632, "percent_covered_display": "89", "missing_lines": 2, "excluded_lines": 0, "percent_statements_covered": 89.47368421052632, "percent_statements_covered_display": "89"}, "missing_lines": [31, 32], "excluded_lines": []}, "": {"executed_lines": [1, 2, 3, 4, 7, 8, 10], "summary": {"covered_lines": 5, "num_statements": 5, "percent_covered": 100.0, "percent_covered_display": "100", "missing_lines": 0, "excluded_lines": 0, "percent_statements_covered": 100.0, "percent_statements_covered_display": "100"}, "missing_lines": [], "excluded_lines": []}}}, "src\\common\\modules\\logger\\handlers.py": {"executed_lines": [1, 2, 3, 4, 5, 6, 8, 11, 24, 25, 26, 27, 30], "summary": {"covered_lines": 12, "num_statements": 18, "percent_covered": 66.66666666666667, "percent_covered_display": "67", "missing_lines": 6, "excluded_lines": 0, "percent_statements_covered": 66.66666666666667, "percent_statements_covered_display": "67"}, "missing_lines": [50, 51, 53, 59, 60, 61], "excluded_lines": [], "functions": {"create_console_handler": {"executed_lines": [24, 25, 26, 27], "summary": {"covered_lines": 4, "num_statements": 4, "percent_covered": 100.0, "percent_covered_display": "100", "missing_lines": 0, "excluded_lines": 0, "percent_statements_covered": 100.0, "percent_statements_covered_display": "100"}, "missing_lines": [], "excluded_lines": []}, "create_file_handler": {"executed_lines": [], "summary": {"covered_lines": 0, "num_statements": 6, "percent_covered": 0.0, "percent_covered_display": "0", "missing_lines": 6, "excluded_lines": 0, "percent_statements_covered": 0.0, "percent_statements_covered_display": "0"}, "missing_lines": [50, 51, 53, 59, 60, 61], "excluded_lines": []}, "": {"executed_lines": [1, 2, 3, 4, 5, 6, 8, 11, 30], "summary": {"covered_lines": 8, "num_statements": 8, "percent_covered": 100.0, "percent_covered_display": "100", "missing_lines": 0, "excluded_lines": 0, "percent_statements_covered": 100.0, "percent_statements_covered_display": "100"}, "missing_lines": [], "excluded_lines": []}}, "classes": {"": {"executed_lines": [1, 2, 3, 4, 5, 6, 8, 11, 24, 25, 26, 27, 30], "summary": {"covered_lines": 12, "num_statements": 18, "percent_covered": 66.66666666666667, "percent_covered_display": "67", "missing_lines": 6, "excluded_lines": 0, "percent_statements_covered": 66.66666666666667, "percent_statements_covered_display": "67"}, "missing_lines": [50, 51, 53, 59, 60, 61], "excluded_lines": []}}}, "src\\common\\modules\\storage\\__init__.py": {"executed_lines": [1, 6, 8], "summary": {"covered_lines": 2, "num_statements": 2, "percent_covered": 100.0, "percent_covered_display": "100", "missing_lines": 0, "excluded_lines": 0, "percent_statements_covered": 100.0, "percent_statements_covered_display": "100"}, "missing_lines": [], "excluded_lines": [], "functions": {"": {"executed_lines": [1, 6, 8], "summary": {"covered_lines": 2, "num_statements": 2, "percent_covered": 100.0, "percent_covered_display": "100", "missing_lines": 0, "excluded_lines": 0, "percent_statements_covered": 100.0, "percent_statements_covered_display": "100"}, "missing_lines": [], "excluded_lines": []}}, "classes": {"": {"executed_lines": [1, 6, 8], "summary": {"covered_lines": 2, "num_statements": 2, "percent_covered": 100.0, "percent_covered_display": "100", "missing_lines": 0, "excluded_lines": 0, "percent_statements_covered": 100.0, "percent_statements_covered_display": "100"}, "missing_lines": [], "excluded_lines": []}}}, "src\\common\\modules\\storage\\service.py": {"executed_lines": [1, 4, 5, 6, 7, 8, 10, 12, 15, 16, 18, 20, 22, 23, 34, 87, 105, 129], "summary": {"covered_lines": 16, "num_statements": 48, "percent_covered": 33.333333333333336, "percent_covered_display": "33", "missing_lines": 32, "excluded_lines": 0, "percent_statements_covered": 33.333333333333336, "percent_statements_covered_display": "33"}, "missing_lines": [25, 26, 27, 31, 32, 53, 55, 56, 57, 60, 63, 70, 71, 73, 75, 83, 84, 85, 98, 99, 100, 101, 102, 103, 117, 118, 120, 121, 122, 123, 124, 125], "excluded_lines": [], "functions": {"StorageService.__init__": {"executed_lines": [20], "summary": {"covered_lines": 1, "num_statements": 1, "percent_covered": 100.0, "percent_covered_display": "100", "missing_lines": 0, "excluded_lines": 0, "percent_statements_covered": 100.0, "percent_statements_covered_display": "100"}, "missing_lines": [], "excluded_lines": []}, "StorageService.client": {"executed_lines": [], "summary": {"covered_lines": 0, "num_statements": 5, "percent_covered": 0.0, "percent_covered_display": "0", "missing_lines": 5, "excluded_lines": 0, "percent_statements_covered": 0.0, "percent_statements_covered_display": "0"
[...]
 "missing_lines": 0, "excluded_lines": 0, "percent_statements_covered": 100.0, "percent_statements_covered_display": "100"}, "missing_lines": [], "excluded_lines": [], "functions": {"": {"executed_lines": [1], "summary": {"covered_lines": 0, "num_statements": 0, "percent_covered": 100.0, "percent_covered_display": "100", "missing_lines": 0, "excluded_lines": 0, "percent_statements_covered": 100.0, "percent_statements_covered_display": "100"}, "missing_lines": [], "excluded_lines": []}}, "classes": {"": {"executed_lines": [1], "summary": {"covered_lines": 0, "num_statements": 0, "percent_covered": 100.0, "percent_covered_display": "100", "missing_lines": 0, "excluded_lines": 0, "percent_statements_covered": 100.0, "percent_statements_covered_display": "100"}, "missing_lines": [], "excluded_lines": []}}}, "src\\modules\\user\\dependencies.py": {"executed_lines": [1, 6, 7, 8, 9, 10, 12, 13, 14, 15, 21, 24, 71, 91], "summary": {"covered_lines": 13, "num_statements": 42, "percent_covered": 30.952380952380953, "percent_covered_display": "31", "missing_lines": 29, "excluded_lines": 0, "percent_statements_covered": 30.952380952380953, "percent_statements_covered_display": "31"}, "missing_lines": [41, 45, 46, 48, 50, 51, 52, 53, 54, 55, 56, 59, 61, 62, 63, 64, 65, 66, 67, 68, 86, 87, 88, 106, 108, 112, 113, 114, 116], "excluded_lines": [], "functions": {"get_current_user": {"executed_lines": [], "summary": {"covered_lines": 0, "num_statements": 20, "percent_covered": 0.0, "percent_covered_display": "0", "missing_lines": 20, "excluded_lines": 0, "percent_statements_covered": 0.0, "percent_statements_covered_display": "0"}, "missing_lines": [41, 45, 46, 48, 50, 51, 52, 53, 54, 55, 56, 59, 61, 62, 63, 64, 65, 66, 67, 68], "excluded_lines": []}, "get_current_active_user": {"executed_lines": [], "summary": {"covered_lines": 0, "num_statements": 3, "percent_covered": 0.0, "percent_covered_display": "0", "missing_lines": 3, "excluded_lines": 0, "percent_statements_covered": 0.0, "percent_statements_covered_display": "0"}, "missing_lines": [86, 87, 88], "excluded_lines": []}, "get_current_admin_user": {"executed_lines": [], "summary": {"covered_lines": 0, "num_statements": 6, "percent_covered": 0.0, "percent_covered_display": "0", "missing_lines": 6, "excluded_lines": 0, "percent_statements_covered": 0.0, "percent_statements_covered_display": "0"}, "missing_lines": [106, 108, 112, 113, 114, 116], "excluded_lines": []}, "": {"executed_lines": [1, 6, 7, 8, 9, 10, 12, 13, 14, 15, 21, 24, 71, 91], "summary": {"covered_lines": 13, "num_statements": 13, "percent_covered": 100.0, "percent_covered_display": "100", "missing_lines": 0, "excluded_lines": 0, "percent_statements_covered": 100.0, "percent_statements_covered_display": "100"}, "missing_lines": [], "excluded_lines": []}}, "classes": {"": {"executed_lines": [1, 6, 7, 8, 9, 10, 12, 13, 14, 15, 21, 24, 71, 91], "summary": {"covered_lines": 13, "num_statements": 42, "percent_covered": 30.952380952380953, "percent_covered_display": "31", "missing_lines": 29, "excluded_lines": 0, "percent_statements_covered": 30.952380952380953, "percent_statements_covered_display": "31"}, "missing_lines": [41, 45, 46, 48, 50, 51, 52, 53, 54, 55, 56, 59, 61, 62, 63, 64, 65, 66, 67, 68, 86, 87, 88, 106, 108, 112, 113, 114, 116], "excluded_lines": []}}}, "src\\modules\\user\\router.py": {"executed_lines": [1, 6, 7, 9, 10, 11, 12, 13, 22, 23, 25, 27, 30, 31, 41, 42, 43, 47, 48, 54, 55, 65, 66, 69, 74, 75, 76, 90, 102, 103, 109, 110, 120, 121, 124, 129, 130, 131, 145, 164, 165, 174, 175, 180, 181, 187, 188, 189, 198, 209, 210, 219, 220, 224, 227, 228, 239, 240, 248, 259, 260, 272, 273, 274, 289, 292, 293, 301, 305], "summary": {"covered_lines": 68, "num_statements": 83, "percent_covered": 81.92771084337349, "percent_covered_display": "82", "missing_lines": 15, "excluded_lines": 0, "percent_statements_covered": 81.92771084337349, "percent_statements_covered_display": "82"}, "missing_lines": [85, 87, 88, 140, 142, 143, 157, 158, 201, 204, 232, 233, 283, 285, 286], "excluded_lines": [], "functions": {"register": {"executed_lines": [41, 42, 43, 47, 48], "summary": {"covered_lines": 5, "num_statements": 5, "percent_covered": 100.0, "percent_covered_display": "100", "missing_lines": 0, "excluded_lines": 0, "percent_statements_covered": 100.0, "percent_statements_covered_display": "100"}, "missing_lines": [], "excluded_lines": []}, "login": {"executed_lines": [65, 66, 69, 74, 75, 76, 90, 102, 103], "summary": {"covered_lines": 9, "num_statements": 12, "percent_covered": 75.0, "percent_covered_display": "75", "missing_lines": 3, "excluded_lines": 0, "percent_statements_covered": 75.0, "percent_statements_covered_display": "75"}, "missing_lines": [85, 87, 88], "excluded_lines": []}, "admin_login": {"executed_lines": [120, 121, 124, 129, 130, 131, 145], "summary": {"covered_lines": 7, "num_statements": 12, "percent_covered": 58.333333333333336, "percent_covered_display": "58", "missing_lines": 5, "excluded_lines": 0, "percent_statements_covered": 58.333333333333336, "percent_statements_covered_display": "58"}, "missing_lines": [140, 142, 143, 157, 158], "excluded_lines": []}, "password_reset_request": {"executed_lines": [174, 175, 180, 181, 187, 188, 189, 198], "summary": {"covered_lines": 8, "num_statements": 10, "percent_covered": 80.0, "percent_covered_display": "80", "missing_lines": 2, "excluded_lines": 0, "percent_statements_covered": 80.0, "percent_statements_covered_display": "80"}, "missing_lines": [201, 204], "excluded_lines": []}, "password_reset": {"executed_lines": [219, 220, 224, 227, 228], "summary": {"covered_lines": 5, "num_statements": 7, "percent_covered": 71.42857142857143, "percent_covered_display": "71", "missing_lines": 2, "excluded_lines": 0, "percent_statements_covered": 71.42857142857143, "percent_statements_covered_display": "71"}, "missing_lines": [232, 233], "excluded_lines": []}, "get_current_user_info": {"executed_lines": [248], "summary": {"covered_lines": 1, "num_statements": 1, "percent_covered": 100.0, "percent_covered_display": "100", "missing_lines": 0, "excluded_lines": 0, "percent_statements_covered": 100.0, "percent_statements_covered_display": "100"}, "missing_lines": [], "excluded_lines": []}, "logout": {"executed_lines": [272, 273, 274, 289], "summary": {"covered_lines": 4, "num_statements": 7, "percent_covered": 57.142857142857146, "percent_covered_display": "57", "missing_lines": 3, "excluded_lines": 0, "percent_statements_covered": 57.142857142857146, "percent_statements_covered_display": "57"}, "missing_lines": [283, 285, 286], "excluded_lines": []}, "refresh_token": {"executed_lines": [301, 305], "summary": {"covered_lines": 2, "num_statements": 2, "percent_covered": 100.0, "percent_covered_display": "100", "missing_lines": 0, "excluded_lines": 0, "percent_statements_covered": 100.0, "percent_statements_covered_display": "100"}, "missing_lines": [], "excluded_lines": []}, "": {"executed_lines": [1, 6, 7, 9, 10, 11, 12, 13, 22, 23, 25, 27, 30, 31, 54, 55, 109, 110, 164, 165, 209, 210, 239, 240, 259, 260, 292, 293], "summary": {"covered_lines": 27, "num_statements": 27, "percent_covered": 100.0, "percent_covered_display": "100", "missing_lines": 0, "excluded_lines": 0, "percent_statements_covered": 100.0, "percent_statements_covered_display": "100"}, "missing_lines": [], "excluded_lines": []}}, "classes": {"": {"executed_lines": [1, 6, 7, 9, 10, 11, 12, 13, 22, 23, 25, 27, 30, 31, 41, 42, 43, 47, 48, 54, 55, 65, 66, 69, 74, 75, 76, 90, 102, 103, 109, 110, 120, 121, 124, 129, 130, 131, 145, 164, 165, 174, 175, 180, 181, 187, 188, 189, 198, 209, 210, 219, 220, 224, 227, 228, 239, 240, 248, 259, 260, 272, 273, 274, 289, 292, 293, 301, 305], "summary": {"covered_lines": 68, "num_statements": 83, "percent_covered": 81.92771084337349, "percent_covered_display": "82", "missing_lines": 15, "excluded_lines": 0, "percent_statements_covered": 81.92771084337349, "percent_statements_covered_display": "82"}, "missing_lines": [85, 87, 88, 140, 142, 143, 157, 158, 201, 204, 232, 233, 283, 285, 286], "excluded_lines": []}}}, "src\\modules\\user\\schemas.py": {"executed_lines": [1, 6, 7, 8, 9, 12, 13, 20, 26, 27, 28, 31, 32, 33, 34, 35, 38, 39, 40, 41, 42, 43, 46, 47, 50, 53, 54, 56, 57, 60, 61, 63, 64, 67, 68, 70, 71, 74, 75, 77, 78, 81, 82, 84, 85, 86, 89, 90, 92, 93, 94, 95, 96, 97, 98, 100, 101], "summary": {"covered_lines": 49, "num_statements": 49, "percent_covered": 100.0, "percent_covered_display": "100", "missing_lines": 0, "excluded_lines": 0, "percent_statements_covered": 100.0, "percent_statements_covered_display": "100"}, "missing_lines": [], "excluded_lines": [], "functions": {"": {"executed_lines": [1, 6, 7, 8, 9, 12, 13, 20, 26, 27, 28, 31, 32, 33, 34, 35, 38, 39, 40, 41, 42, 43, 46, 47, 50, 53, 54, 56, 57, 60, 61, 63, 64, 67, 68, 70, 71, 74, 75, 77, 78, 81, 82, 84, 85, 86, 89, 90, 92, 93, 94, 95, 96, 97, 98, 100, 101], "summary": {"covered_lines": 49, "num_statements": 49, "percent_covered": 100.0, "percent_covered_display": "100", "missing_lines": 0, "excluded_lines": 0, "percent_statements_covered": 100.0, "percent_statements_covered_display": "100"}, "missing_lines": [], "excluded_lines": []}}, "classes": {"MemberRegisterRequest": {"executed_lines": [], "summary": {"covered_lines": 0, "num_statements": 0, "percent_covered": 100.0, "percent_covered_display": "100", "missing_lines": 0, "excluded_lines": 0, "percent_statements_covered": 100.0, "percent_statements_covered_display": "100"}, "missing_lines": [], "excluded_lines": []}, "LoginRequest": {"executed_lines": [], "summary": {"covered_lines": 0, "num_statements": 0, "percent_covered": 100.0, "percent_covered_display": "100", "missing_lines": 0, "excluded_lines": 0, "percent_statements_covered": 100.0, "percent_statements_covered_display": "100"}, "missing_lines": [], "excluded_lines": []}, "AdminLoginRequest": {"executed_lines": [], "summary": {"covered_lines": 0, "num_statements": 0, "percent_covered": 100.0, "percent_covered_display": "100", "missing_lines": 0, "excluded_lines": 0, "percent_statements_covered": 100.0, "percent_statements_covered_display": "100"}, "missing_lines": [], "excluded_lines": []}, "PasswordResetRequest": {"executed_lines": [], "summary": {"covered_lines": 0, "num_statements": 0, "percent_covered": 100.0, "percent_covered_display": "100", "missing_lines": 0, "excluded_lines": 0, "percent_statements_covered": 100.0, "percent_statements_covered_display": "100"}, "missing_lines": [], "excluded_lines": []}, "PasswordReset": {"executed_lines": [], "summary": {"covered_lines": 0, "num_statements": 0, "percent_covered": 100.0, "percent_covered_display": "100", "missing_lines": 0, "excluded_lines": 0, "percent_statements_covered": 100.0, "percent_statements_covered_display": "100"}, "missing_lines": [], "excluded_lines": []}, "TokenResponse": {"executed_lines": [], "summary": {"covered_lines": 0, "num_statements": 0, "percent_covered": 100.0, "percent_covered_display": "100", "missing_lines": 0, "excluded_lines": 0, "percent_statements_covered": 100.0, "percent_statements_covered_display": "100"}, "missing_lines": [], "excluded_lines": []}, "UserInfo": {"executed_lines": [], "summary": {"covered_lines": 0, "num_statements": 0, "percent_covered": 100.0, "percent_covered_display": "100", "missing_lines": 0, "excluded_lines": 0, "percent_statements_covered": 100.0, "percent_statements_covered_display": "100"}, "missing_lines": [], "excluded_lines": []}, "UserInfo.Config": {"executed_lines": [], "summary": {"covered_lines": 0, "num_statements": 0, "percent_covered": 100.0, "percent_covered_display": "100", "missing_lines": 0, "excluded_lines": 0, "percent_statements_covered": 100.0, "percent_statements_covered_display": "100"}, "missing_lines": [], "excluded_lines": []}, "": {"executed_lines": [1, 6, 7, 8, 9, 12, 13, 20, 26, 27, 28, 31, 32, 33, 34, 35, 38, 39, 40, 41, 42, 43, 46, 47, 50, 53, 54, 56, 57, 60, 61, 63, 64, 67, 68, 70, 71, 74, 75, 77, 78, 81, 82, 84, 85, 86, 89, 90, 92, 93, 94, 95, 96, 97, 98, 100, 101], "summary": {"covered_lines": 49, "num_statements": 49, "percent_covered": 100.0, "percent_covered_display": "100", "missing_lines": 0, "excluded_lines": 0, "percent_statements_covered": 100.0, "percent_statements_covered_display": "100"}, "missing_lines": [], "excluded_lines": []}}}, "src\\modules\\user\\service.py": {"executed_lines": [1, 6, 7, 8, 9, 10, 11, 12, 14, 15, 16, 17, 18, 21, 24, 25, 27, 28, 30, 32, 33, 35, 37, 38, 49, 50, 51, 53, 54, 55, 56, 58, 59, 72, 73, 74, 75, 76, 78, 94, 104, 107, 108, 115, 118, 119, 120, 127, 131, 132, 135, 139, 151, 171, 179, 180, 183, 195, 196, 197, 199, 209, 210, 211, 228, 230, 304, 326, 327, 338, 340, 415, 416, 426, 492], "summary": {"covered_lines": 73, "num_statements": 143, "percent_covered": 51.04895104895105, "percent_covered_display": "51", "missing_lines": 70, "excluded_lines": 0, "percent_statements_covered": 51.04895104895105, "percent_statements_covered_display": "51"}, "missing_lines": [140, 159, 161, 216, 218, 247, 256, 259, 261, 262, 269, 271, 272, 280, 282, 283, 291, 293, 302, 318, 320, 321, 322, 323, 324, 357, 366, 369, 371, 372, 379, 382, 383, 391, 393, 394, 402, 404, 413, 423, 424, 443, 453, 456, 458, 460, 468, 471, 474, 477, 478, 479, 481, 490, 510, 518, 521, 523, 524, 528, 531, 532, 539, 542, 545, 546, 548, 549, 551, 560], "excluded_lines": [], "functions": {"AuthService.verify_password": {"executed_lines": [30], "summary": {"covered_lines": 1, "num_statements": 1, "percent_covered": 100.0, "percent_covered_display": "100", "missing_lines": 0, "excluded_lines": 0, "percent_statements_covered": 100.0, "percent_statements_covered_display": "100"}, "missing_lines": [], "excluded_lines": []}, "AuthService.get_password_hash": {"executed_lines": [35], "summary": {"covered_lines": 1, "num_statements": 1, "percent_covered": 100.0, "percent_covered_display": "100", "missing_lines": 0, "excluded_lines": 0, "percent_statements_covered": 100.0, "percent_statements_covered_display": "100"}, "missing_lines": [], "excluded_lines": []}, "AuthService.create_access_token": {"executed_lines": [49, 50, 51, 53, 54, 55, 56], "summary": {"covered_lines": 7, "num_statements": 7, "percent_covered": 100.0, "percent_covered_display": "100", "missing_lines": 0, "excluded_lines": 0, "percent_statements_covered": 100.0, "percent_statements_covered_display": "100"}, "missing_lines": [], "excluded_lines": []}, "AuthService.decode_token": {"executed_lines": [72, 73, 74, 75, 76], "summary": {"covered_lines": 5, "num_statements": 5, "percent_covered": 100.0, "percent_covered_display": "100", "missing_lines": 0, "excluded_lines": 0, "percent_statements_covered": 100.0, "percent_statements_covered_display": "100"}, "missing_lines": [], "excluded_lines": []}, "AuthService.register_member": {"executed_lines": [94, 104, 107, 108, 115, 118, 119, 120, 127, 131, 132, 135, 139, 151, 171, 179, 180, 183, 195, 196, 197, 199, 209, 210, 211, 228], "summary": {"covered_lines": 26, "num_statements": 31, "percent_covered": 83.87096774193549, "percent_covered_display": "84", "missing_lines": 5, "excluded_lines": 0, "percent_statements_covered": 83.87096774193549, "percent_statements_covered_display": "84"}, "missing_lines": [140, 159, 161, 216, 218], "excluded_lines": []}, "AuthService.authenticate": {"executed_lines": [], "summary": {"covered_lines": 0, "num_statements": 14, "percent_covered": 0.0, "percent_covered_display": "0", "missing_lines": 14, "excluded_lines": 0, "percent_statements_covered": 0.0, "percent_statements_covered_display": "0"}, "missing_lines": [247, 256, 259, 261, 262, 269, 271, 272, 280, 282, 283, 291, 293, 302], "excluded_lines": []}, "AuthService.get_member_by_id": {"executed_lines": [], "summary": {"covered_lines": 0, "num_statements": 6, "percent_covered": 0.0, "percent_covered_display": "0", "missing_lines": 6, "excluded_lines": 0, "percent_statements_covered": 0.0, "percent_statements_covered_display": "0"}, "missing_lines": [318, 320, 321, 322, 323, 324], "excluded_lines": []}, "AuthService.is_admin": {"executed_lines": [338], "summary": {"covered_lines": 1, "num_statements": 1, "percent_covered": 100.0, "percent_covered_display": "100", "missing_lines": 0, "excluded_lines": 0, "percent_statements_covered": 100.0, "percent_statements_covered_display": "100"}, "missing_lines": [], "excluded_lines": []}, "AuthService.authenticate_admin": {"executed_lines": [], "summary": {"covered_lines": 0, "num_statements": 14, "percent_covered": 0.0, "percent_covered_display": "0", "missing_lines": 14, "excluded_lines": 0, "percent_statements_covered": 0.0, "percent_statements_covered_display": "0"}, "missing_lines": [357, 366, 369, 371, 372, 379, 382, 383, 391, 393, 394, 402, 404, 413], "excluded_lines": []}, "AuthService.generate_reset_token": {"executed_lines": [], "summary": {"covered_lines": 0, "num_statements": 2, "percent_covered": 0.0, "percent_covered_display": "0", "missing_lines": 2, "excluded_lines": 0, "percent_statements_covered": 0.0, "percent_statements_covered_display": "0"}, "missing_lines": [423, 424], "excluded_lines": []}, "AuthService.create_password_reset_request": {"executed_lines": [], "summary": {"covered_lines": 0, "num_statements": 13, "percent_covered": 0.0, "percent_covered_display": "0", "missing_lines": 13, "excluded_lines": 0, "percent_statements_covered": 0.0, "percent_statements_covered_display": "0"}, "missing_lines": [443, 453, 456, 458, 460, 468, 471, 474, 477, 478, 479, 481, 490], "excluded_lines": []}, "AuthService.reset_password_with_token": {"executed_lines": [], "summary": {"covered_lines": 0, "num_statements": 16, "percent_covered": 0.0, "percent_covered_display": "0", "missing_lines": 16, "excluded_lines": 0, "percent_statements_covered": 0.0, "percent_statements_covered_display": "0"}, "missing_lines": [510, 518, 521, 523, 524, 528, 531, 532, 539, 542, 545, 546, 548, 549, 551, 560], "excluded_lines": []}, "": {"executed_lines": [1, 6, 7, 8, 9, 10, 11, 12, 14, 15, 16, 17, 18, 21, 24, 25, 27, 28, 32, 33, 37, 38, 58, 59, 78, 230, 304, 326, 327, 340, 415, 416, 426, 492], "summary": {"covered_lines": 32, "num_statements": 32, "percent_covered": 100.0, "percent_covered_display": "100", "missing_lines": 0, "excluded_lines": 0, "percent_statements_covered": 100.0, "percent_statements_covered_display": "100"}, "missing_lines": [], "excluded_lines": []}}, "classes": {"AuthService": {"executed_lines": [30, 35, 49, 50, 51, 53, 54, 55, 56, 72, 73, 74, 75, 76, 94, 104, 107, 108, 115, 118, 119, 120, 127, 131, 132, 135, 139, 151, 171, 179, 180, 183, 195, 196, 197, 199, 209, 210, 211, 228, 338], "summary": {"covered_lines": 41, "num_statements": 111, "percent_covered": 36.93693693693694, "percent_covered_display": "37", "missing_lines": 70, "excluded_lines": 0, "percent_statements_covered": 36.93693693693694, "percent_statements_covered_display": "37"}, "missing_lines": [140, 159, 161, 216, 218, 247, 256, 259, 261, 262, 269, 271, 272, 280, 282, 283, 291, 293, 302, 318, 320, 321, 322, 323, 324, 357, 366, 369, 371, 372, 379, 382, 383, 391, 393, 394, 402, 404, 413, 423, 424, 443, 453, 456, 458, 460, 468, 471, 474, 477, 478, 479, 481, 490, 510, 518, 521, 523, 524, 528, 531, 532, 539, 542, 545, 546, 548, 549, 551, 560], "excluded_lines": []}, "": {"executed_lines": [1, 6, 7, 8, 9, 10, 11, 12, 14, 15, 16, 17, 18, 21, 24, 25, 27, 28, 32, 33, 37, 38, 58, 59, 78, 230, 304, 326, 327, 340, 415, 416, 426, 492], "summary": {"covered_lines": 32, "num_statements": 32, "percent_covered": 100.0, "percent_covered_display": "100", "missing_lines": 0, "excluded_lines": 0, "percent_statements_covered": 100.0, "percent_statements_covered_display": "100"}, "missing_lines": [], "excluded_lines": []}}}}, "totals": {"covered_lines": 2505, "num_statements": 3412, "percent_covered": 73.41735052754983, "percent_covered_display": "73", "missing_lines": 907, "excluded_lines": 7, "percent_statements_covered": 73.41735052754983, "percent_statements_covered_display": "73"}}