<testsuites id="" name="" tests="10" failures="2" skipped="0" errors="0" time="39.228194">
<testsuite name="admin\login.spec.js" timestamp="2025-12-16T22:27:50.722Z" hostname="chromium" tests="2" failures="0" skipped="0" time="2.25" errors="0">
<testcase name="管理员登录测试 › 应该能够成功登录管理员账号" classname="admin\login.spec.js" time="1.803">
<system-out>
<![CDATA[邮箱输入框找到，使用选择器: input[name="email"]
密码输入框找到，使用选择器: input[name="password"]
登录按钮找到，使用选择器: button[type="submit"]
登录成功！
]]>
</system-out>
</testcase>
<testcase name="管理员登录测试 › 应该显示登录表单" classname="admin\login.spec.js" time="0.447">
<system-out>
<![CDATA[页面标题: 江原创业门户 - GangwonBiz Portal
表单数量: [33m1[39m
表单内容: <div class="mb-4"><label class="block text-sm font-medium text-gray-700 mb-1.5 after:content-[&quot;*&quot;] after:text-red-500 after:ml-1">이메일</label><input class="w-full px-3 py-2 border rounded-md shadow-sm focus:outline-none focus:ring-2 focus:ring-primary-500 focus:border-primary-500 transition-colors duration-200 border-gray-300" type="email" name="email" autocomplete="email" placeholder="admin@example.com" value=""></div><div class="mb-4"><label class="block text-sm font-medium text-gray-700 mb-1.5 after:content-[&quot;*&quot;] after:text-red-500 after:ml-1">비밀번호</label><input class="w-full px-3 py-2 border rounded-md shadow-sm focus:outline-none focus:ring-2 focus:ring-primary-500 focus:border-primary-500 transition-colors duration-200 border-gray-300" type="password" name="password" autocomplete="current-password" placeholder="비밀번호를 입력하세요" value=""></div><div class="flex items-center justify-between"><div class="flex items-center"><input id="remember-me" name="remember-me" type="checkbox" class="h-4 w-4 text-blue-600 focus:ring-blue-500 border-gray-300 rounded"><label for="remember-me" class="ml-2 block text-sm text-gray-700">로그인 상태 유지</label></div><div class="text-sm"><button type="button" class="font-medium text-blue-600 hover:text-blue-500">비밀번호를 잊으셨나요?</button></div></div><button class="inline-flex items-center justify-center font-medium rounded-md transition-all duration-200 focus:outline-none focus:ring-2 focus:ring-offset-2 disabled:opacity-50 disabled:cursor-not-allowed bg-primary-600 text-white hover:bg-primary-700 focus:ring-primary-500 px-4 py-2 text-base w-full" type="submit">로그인</button>
输入框数量: [33m3[39m
输入框 1: type=email, name=email, placeholder=admin@example.com
输入框 2: type=password, name=password, placeholder=비밀번호를 입력하세요
输入框 3: type=checkbox, name=remember-me, placeholder=null
按钮数量: [33m4[39m
按钮 1: text="", type=null
按钮 2: text="비밀번호를 잊으셨나요?", type=button
按钮 3: text="로그인", type=submit
按钮 4: text="회원 로그인으로 이동", type=button
]]>
</system-out>
</testcase>
</testsuite>
<testsuite name="admin\login.spec.js" timestamp="2025-12-16T22:27:50.722Z" hostname="firefox" tests="2" failures="0" skipped="0" time="6.386" errors="0">
<testcase name="管理员登录测试 › 应该能够成功登录管理员账号" classname="admin\login.spec.js" time="3.745">
<system-out>
<![CDATA[邮箱输入框找到，使用选择器: input[name="email"]
密码输入框找到，使用选择器: input[name="password"]
登录按钮找到，使用选择器: button[type="submit"]
登录成功！
]]>
</system-out>
</testcase>
<testcase name="管理员登录测试 › 应该显示登录表单" classname="admin\login.spec.js" time="2.641">
<system-out>
<![CDATA[页面标题: 江原创业门户 - GangwonBiz Portal
表单数量: [33m1[39m
表单内容: <div class="mb-4"><label class="block text-sm font-medium text-gray-700 mb-1.5 after:content-[&quot;*&quot;] after:text-red-500 after:ml-1">이메일</label><input class="w-full px-3 py-2 border rounded-md shadow-sm focus:outline-none focus:ring-2 focus:ring-primary-500 focus:border-primary-500 transition-colors duration-200 border-gray-300" type="email" name="email" autocomplete="email" placeholder="admin@example.com" value=""></div><div class="mb-4"><label class="block text-sm font-medium text-gray-700 mb-1.5 after:content-[&quot;*&quot;] after:text-red-500 after:ml-1">비밀번호</label><input class="w-full px-3 py-2 border rounded-md shadow-sm focus:outline-none focus:ring-2 focus:ring-primary-500 focus:border-primary-500 transition-colors duration-200 border-gray-300" type="password" name="password" autocomplete="current-password" placeholder="비밀번호를 입력하세요" value=""></div><div class="flex items-center justify-between"><div class="flex items-center"><input id="remember-me" name="remember-me" type="checkbox" class="h-4 w-4 text-blue-600 focus:ring-blue-500 border-gray-300 rounded"><label for="remember-me" class="ml-2 block text-sm text-gray-700">로그인 상태 유지</label></div><div class="text-sm"><button type="button" class="font-medium text-blue-600 hover:text-blue-500">비밀번호를 잊으셨나요?</button></div></div><button class="inline-flex items-center justify-center font-medium rounded-md transition-all duration-200 focus:outline-none focus:ring-2 focus:ring-offset-2 disabled:opacity-50 disabled:cursor-not-allowed bg-primary-600 text-white hover:bg-primary-700 focus:ring-primary-500 px-4 py-2 text-base w-full" type="submit">로그인</button>
输入框数量: [33m3[39m
输入框 1: type=email, name=email, placeholder=admin@example.com
输入框 2: type=password, name=password, placeholder=비밀번호를 입력하세요
输入框 3: type=checkbox, name=remember-me, placeholder=null
按钮数量: [33m4[39m
按钮 1: text="", type=null
按钮 2: text="비밀번호를 잊으셨나요?", type=button
按钮 3: text="로그인", type=submit
按钮 4: text="회원 로그인으로 이동", type=button
]]>
</system-out>
</testcase>
</testsuite>
<testsuite name="admin\login.spec.js" timestamp="2025-12-16T22:27:50.722Z" hostname="webkit" tests="2" failures="1" skipped="0" time="12.008" errors="0">
<testcase name="管理员登录测试 › 应该能够成功登录管理员账号" classname="admin\login.spec.js" time="10.986">
<failure message="login.spec.js:3:3 应该能够成功登录管理员账号" type="FAILURE">
<![CDATA[  [webkit] › admin\login.spec.js:3:3 › 管理员登录测试 › 应该能够成功登录管理员账号 ─────────────────────────────────────

    TimeoutError: page.waitForURL: Timeout 10000ms exceeded.
    =========================== logs ===========================
    waiting for navigation until "load"
    ============================================================

      79 |     if (submitClicked) {
      80 |       // 等待登录成功跳转
    > 81 |       await page.waitForURL(/\/admin(?!\/login)/, { timeout: 10000 });
         |                  ^
      82 |       
      83 |       // 验证登录成功
      84 |       await expect(page).toHaveURL(/\/admin/);
        at C:\Users\40270\OneDrive\Desktop\workspace\gangwon-business-portal\frontend\tests\admin\login.spec.js:81:18

    attachment #1: screenshot (image/png) ──────────────────────────────────────────────────────────
    test-results\admin-login-管理员登录测试-应该能够成功登录管理员账号-webkit\test-failed-1.png
    ────────────────────────────────────────────────────────────────────────────────────────────────

    attachment #2: video (video/webm) ──────────────────────────────────────────────────────────────
    test-results\admin-login-管理员登录测试-应该能够成功登录管理员账号-webkit\video.webm
    ────────────────────────────────────────────────────────────────────────────────────────────────

    Error Context: test-results\admin-login-管理员登录测试-应该能够成功登录管理员账号-webkit\error-context.md
]]>
</failure>
<system-out>
<![CDATA[未找到邮箱输入框，尝试查看页面内容
页面内容片段: <!DOCTYPE html><html lang="ko"><head>
    <script type="module">import { injectIntoGlobalHook } from "/@react-refresh";
injectIntoGlobalHook(window);
window.$RefreshReg$ = () => {};
window.$RefreshSig$ = () => (type) => type;</script>

    <script type="module" src="/@vite/client"></script>

    <meta charset="UTF-8">
    <link rel="icon" type="image/svg+xml" href="/favicon.svg">
    <meta name="viewport" content="width=device-width, initial-scale=1.0">
    <meta name="description" content="江原特别自治道创业企业绩效管理门户">
    <title>江原创业门户 - GangwonBiz Portal</title>
  <style type="text/css" data-vite-dev-id="C:/Users/40270/OneDrive/Desktop/workspace/gangwon-business-portal/frontend/node_modules/react-quill/dist/quill.snow.css">/*!
 * Quill Editor v1.3.7
 * https://quilljs.com/
 * Copyright (c) 2014, Jason Chen
 * Copyright (c) 2013, salesforce.com
 */
.ql-container {
  box-sizing: border-box;
  font-family: Helvetica, Arial, sans-serif;
  font-size: 13px;
  height: 100%;
  margin: 0px;
  position
密码输入框找到，使用选择器: input[name="password"]
登录按钮找到，使用选择器: button[type="submit"]

[[ATTACHMENT|..\test-results\admin-login-管理员登录测试-应该能够成功登录管理员账号-webkit\test-failed-1.png]]

[[ATTACHMENT|..\test-results\admin-login-管理员登录测试-应该能够成功登录管理员账号-webkit\video.webm]]

[[ATTACHMENT|..\test-results\admin-login-管理员登录测试-应该能够成功登录管理员账号-webkit\error-context.md]]
]]>
</system-out>
</testcase>
<testcase name="管理员登录测试 › 应该显示登录表单" classname="admin\login.spec.js" time="1.022">
<system-out>
<![CDATA[页面标题: 江原创业门户 - GangwonBiz Portal
表单数量: [33m0[39m
输入框数量: [33m0[39m
按钮数量: [33m0[39m
]]>
</system-out>
</testcase>
</testsuite>
<testsuite name="admin\login.spec.js" timestamp="2025-12-16T22:27:50.722Z" hostname="Mobile Chrome" tests="2" failures="0" skipped="0" time="1.949" errors="0">
<testcase name="管理员登录测试 › 应该能够成功登录管理员账号" classname="admin\login.spec.js" time="1.307">
<system-out>
<![CDATA[邮箱输入框找到，使用选择器: input[type="email"]
密码输入框找到，使用选择器: input[name="password"]
登录按钮找到，使用选择器: button[type="submit"]
登录成功！
]]>
</system-out>
</testcase>
<testcase name="管理员登录测试 › 应该显示登录表单" classname="admin\login.spec.js" time="0.642">
<system-out>
<![CDATA[页面标题: 江原创业门户 - GangwonBiz Portal
表单数量: [33m1[39m
表单内容: <div class="mb-4"><label class="block text-sm font-medium text-gray-700 mb-1.5 after:content-[&quot;*&quot;] after:text-red-500 after:ml-1">이메일</label><input class="w-full px-3 py-2 border rounded-md shadow-sm focus:outline-none focus:ring-2 focus:ring-primary-500 focus:border-primary-500 transition-colors duration-200 border-gray-300" type="email" name="email" autocomplete="email" placeholder="admin@example.com" value=""></div><div class="mb-4"><label class="block text-sm font-medium text-gray-700 mb-1.5 after:content-[&quot;*&quot;] after:text-red-500 after:ml-1">비밀번호</label><input class="w-full px-3 py-2 border rounded-md shadow-sm focus:outline-none focus:ring-2 focus:ring-primary-500 focus:border-primary-500 transition-colors duration-200 border-gray-300" type="password" name="password" autocomplete="current-password" placeholder="비밀번호를 입력하세요" value=""></div><div class="flex items-center justify-between"><div class="flex items-center"><input id="remember-me" name="remember-me" type="checkbox" class="h-4 w-4 text-blue-600 focus:ring-blue-500 border-gray-300 rounded"><label for="remember-me" class="ml-2 block text-sm text-gray-700">로그인 상태 유지</label></div><div class="text-sm"><button type="button" class="font-medium text-blue-600 hover:text-blue-500">비밀번호를 잊으셨나요?</button></div></div><button class="inline-flex items-center justify-center font-medium rounded-md transition-all duration-200 focus:outline-none focus:ring-2 focus:ring-offset-2 disabled:opacity-50 disabled:cursor-not-allowed bg-primary-600 text-white hover:bg-primary-700 focus:ring-primary-500 px-4 py-2 text-base w-full" type="submit">로그인</button>
输入框数量: [33m3[39m
输入框 1: type=email, name=email, placeholder=admin@example.com
输入框 2: type=password, name=password, placeholder=비밀번호를 입력하세요
输入框 3: type=checkbox, name=remember-me, placeholder=null
按钮数量: [33m4[39m
按钮 1: text="", type=null
按钮 2: text="비밀번호를 잊으셨나요?", type=button
按钮 3: text="로그인", type=submit
按钮 4: text="회원 로그인으로 이동", type=button
]]>
</system-out>
</testcase>
</testsuite>
<testsuite name="admin\login.spec.js" timestamp="2025-12-16T22:27:50.722Z" hostname="Mobile Safari" tests="2" failures="1" skipped="0" time="11.488" errors="0">
<testcase name="管理员登录测试 › 应该能够成功登录管理员账号" classname="admin\login.spec.js" time="10.899">
<failure message="login.spec.js:3:3 应该能够成功登录管理员账号" type="FAILURE">
<![CDATA[  [Mobile Safari] › admin\login.spec.js:3:3 › 管理员登录测试 › 应该能够成功登录管理员账号 ──────────────────────────────

    TimeoutError: page.waitForURL: Timeout 10000ms exceeded.
    =========================== logs ===========================
    waiting for navigation until "load"
    ============================================================

      79 |     if (submitClicked) {
      80 |       // 等待登录成功跳转
    > 81 |       await page.waitForURL(/\/admin(?!\/login)/, { timeout: 10000 });
         |                  ^
      82 |       
      83 |       // 验证登录成功
      84 |       await expect(page).toHaveURL(/\/admin/);
        at C:\Users\40270\OneDrive\Desktop\workspace\gangwon-business-portal\frontend\tests\admin\login.spec.js:81:18

    attachment #1: screenshot (image/png) ──────────────────────────────────────────────────────────
    test-results\admin-login-管理员登录测试-应该能够成功登录管理员账号-Mobile-Safari\test-failed-1.png
    ────────────────────────────────────────────────────────────────────────────────────────────────

    attachment #2: video (video/webm) ──────────────────────────────────────────────────────────────
    test-results\admin-login-管理员登录测试-应该能够成功登录管理员账号-Mobile-Safari\video.webm
    ────────────────────────────────────────────────────────────────────────────────────────────────

    Error Context: test-results\admin-login-管理员登录测试-应该能够成功登录管理员账号-Mobile-Safari\error-context.md
]]>
</failure>
<system-out>
<![CDATA[未找到邮箱输入框，尝试查看页面内容
页面内容片段: <!DOCTYPE html><html lang="ko"><head>
    <script type="module">import { injectIntoGlobalHook } from "/@react-refresh";
injectIntoGlobalHook(window);
window.$RefreshReg$ = () => {};
window.$RefreshSig$ = () => (type) => type;</script>

    <script type="module" src="/@vite/client"></script>

    <meta charset="UTF-8">
    <link rel="icon" type="image/svg+xml" href="/favicon.svg">
    <meta name="viewport" content="width=device-width, initial-scale=1.0">
    <meta name="description" content="江原特别自治道创业企业绩效管理门户">
    <title>江原创业门户 - GangwonBiz Portal</title>
  <style type="text/css" data-vite-dev-id="C:/Users/40270/OneDrive/Desktop/workspace/gangwon-business-portal/frontend/node_modules/react-quill/dist/quill.snow.css">/*!
 * Quill Editor v1.3.7
 * https://quilljs.com/
 * Copyright (c) 2014, Jason Chen
 * Copyright (c) 2013, salesforce.com
 */
.ql-container {
  box-sizing: border-box;
  font-family: Helvetica, Arial, sans-serif;
  font-size: 13px;
  height: 100%;
  margin: 0px;
  position
密码输入框找到，使用选择器: input[name="password"]
登录按钮找到，使用选择器: button[type="submit"]

[[ATTACHMENT|..\test-results\admin-login-管理员登录测试-应该能够成功登录管理员账号-Mobile-Safari\test-failed-1.png]]

[[ATTACHMENT|..\test-results\admin-login-管理员登录测试-应该能够成功登录管理员账号-Mobile-Safari\video.webm]]

[[ATTACHMENT|..\test-results\admin-login-管理员登录测试-应该能够成功登录管理员账号-Mobile-Safari\error-context.md]]
]]>
</system-out>
</testcase>
<testcase name="管理员登录测试 › 应该显示登录表单" classname="admin\login.spec.js" time="0.589">
<system-out>
<![CDATA[页面标题: 江原创业门户 - GangwonBiz Portal
表单数量: [33m0[39m
输入框数量: [33m0[39m
按钮数量: [33m0[39m
]]>
</system-out>
</testcase>
</testsuite>
</testsuites>